[dotenv@17.2.1] injecting env (11) from .env.test -- tip: ΓÜÖ∩╕Å  load multiple .env files with { path: ['.env.local', '.env'] }
Table TestPermissions created successfully. Waiting for it to become active...
Table TestAssignments created successfully. Waiting for it to become active...
Table TestPolicies created successfully. Waiting for it to become active...
Table TestRoles created successfully. Waiting for it to become active...
Table TestUsers created successfully. Waiting for it to become active...
FAIL tests/unit/infrastructure/persistence/dynamodb/dynamodb.client.spec.ts
  ΓùÅ Test suite failed to run

    tests/unit/infrastructure/persistence/dynamodb/dynamodb.client.spec.ts:31:60 - error TS2345: Argument of type 'MockProxy<DynamoDBClient>' is not assignable to parameter of type 'string'.

    31         provider = new DynamoDBProvider(configServiceMock, mockClient);
                                                                  ~~~~~~~~~~
    tests/unit/infrastructure/persistence/dynamodb/dynamodb.client.spec.ts:53:62 - error TS2345: Argument of type 'MockProxy<DynamoDBClient>' is not assignable to parameter of type 'string'.

    53         expect(() => new DynamoDBProvider(configServiceMock, mockClient)).toThrow('Missing AUTHZ_TABLE_NAME');
                                                                    ~~~~~~~~~~
    tests/unit/infrastructure/persistence/dynamodb/dynamodb.client.spec.ts:59:60 - error TS2345: Argument of type 'MockProxy<DynamoDBClient>' is not assignable to parameter of type 'string'.

    59         provider = new DynamoDBProvider(configServiceMock, mockClient);
                                                                  ~~~~~~~~~~

Test Suites: 1 failed, 1 total
Tests:       0 total
Snapshots:   0 total
Time:        3.402 s
Ran all test suites matching /tests\\unit\\infrastructure\\persistence\\dynamodb\\dynamodb.client.spec.ts/i.
Table TestUsers deleted successfully. Waiting for it to be deleted...
Table TestRoles deleted successfully. Waiting for it to be deleted...
Table TestAssignments deleted successfully. Waiting for it to be deleted...
Table TestPolicies deleted successfully. Waiting for it to be deleted...
Table TestPermissions deleted successfully. Waiting for it to be deleted...
