{"numFailedTestSuites":15,"numFailedTests":100,"numPassedTestSuites":23,"numPassedTests":417,"numPendingTestSuites":0,"numPendingTests":0,"numRuntimeErrorTestSuites":1,"numTodoTests":0,"numTotalTestSuites":38,"numTotalTests":517,"openHandles":[],"snapshot":{"added":0,"didUpdate":false,"failure":false,"filesAdded":0,"filesRemoved":0,"filesRemovedList":[],"filesUnmatched":0,"filesUpdated":0,"matched":0,"total":0,"unchecked":0,"uncheckedKeysByFile":[],"unmatched":0,"updated":0},"startTime":1771844393939,"success":false,"testResults":[{"assertionResults":[{"ancestorTitles":["Integration Tests: User Admin Routes (/api/admin/users)","Authentication Guard"],"duration":330,"failureDetails":[],"failureMessages":[],"fullName":"Integration Tests: User Admin Routes (/api/admin/users) Authentication Guard should return 401 Unauthorized if no token is provided","invocations":1,"location":null,"numPassingAsserts":0,"retryReasons":[],"status":"passed","title":"should return 401 Unauthorized if no token is provided"},{"ancestorTitles":["Integration Tests: User Admin Routes (/api/admin/users)","Authentication Guard"],"duration":64,"failureDetails":[],"failureMessages":[],"fullName":"Integration Tests: User Admin Routes (/api/admin/users) Authentication Guard should return 401 Unauthorized if an invalid/non-bypass token is provided","invocations":1,"location":null,"numPassingAsserts":0,"retryReasons":[],"status":"passed","title":"should return 401 Unauthorized if an invalid/non-bypass token is provided"},{"ancestorTitles":["Integration Tests: User Admin Routes (/api/admin/users)","Authentication Guard"],"duration":122,"failureDetails":[{}],"failureMessages":["Error: expected 200 \"OK\", got 500 \"Internal Server Error\"\n    at E:\\NodeJS\\PBAC_Auth\\user-management-service\\tests\\integration\\routes\\user.admin.routes.integration.spec.ts:236:18\n    at Generator.next (<anonymous>)\n    at E:\\NodeJS\\PBAC_Auth\\user-management-service\\tests\\integration\\routes\\user.admin.routes.integration.spec.ts:9:71\n    at new Promise (<anonymous>)\n    at Object.<anonymous>.__awaiter (E:\\NodeJS\\PBAC_Auth\\user-management-service\\tests\\integration\\routes\\user.admin.routes.integration.spec.ts:5:12)\n    at Object.<anonymous> (E:\\NodeJS\\PBAC_Auth\\user-management-service\\tests\\integration\\routes\\user.admin.routes.integration.spec.ts:231:81)\n    at Promise.then.completed (E:\\NodeJS\\PBAC_Auth\\user-management-service\\node_modules\\.pnpm\\jest-circus@29.7.0\\node_modules\\jest-circus\\build\\utils.js:298:28)\n    at new Promise (<anonymous>)\n    at callAsyncCircusFn (E:\\NodeJS\\PBAC_Auth\\user-management-service\\node_modules\\.pnpm\\jest-circus@29.7.0\\node_modules\\jest-circus\\build\\utils.js:231:10)\n    at _callCircusTest (E:\\NodeJS\\PBAC_Auth\\user-management-service\\node_modules\\.pnpm\\jest-circus@29.7.0\\node_modules\\jest-circus\\build\\run.js:316:40)\n    at processTicksAndRejections (node:internal/process/task_queues:105:5)\n    at _runTest (E:\\NodeJS\\PBAC_Auth\\user-management-service\\node_modules\\.pnpm\\jest-circus@29.7.0\\node_modules\\jest-circus\\build\\run.js:252:3)\n    at _runTestsForDescribeBlock (E:\\NodeJS\\PBAC_Auth\\user-management-service\\node_modules\\.pnpm\\jest-circus@29.7.0\\node_modules\\jest-circus\\build\\run.js:126:9)\n    at _runTestsForDescribeBlock (E:\\NodeJS\\PBAC_Auth\\user-management-service\\node_modules\\.pnpm\\jest-circus@29.7.0\\node_modules\\jest-circus\\build\\run.js:121:9)\n    at _runTestsForDescribeBlock (E:\\NodeJS\\PBAC_Auth\\user-management-service\\node_modules\\.pnpm\\jest-circus@29.7.0\\node_modules\\jest-circus\\build\\run.js:121:9)\n    at run (E:\\NodeJS\\PBAC_Auth\\user-management-service\\node_modules\\.pnpm\\jest-circus@29.7.0\\node_modules\\jest-circus\\build\\run.js:71:3)\n    at runAndTransformResultsToJestFormat (E:\\NodeJS\\PBAC_Auth\\user-management-service\\node_modules\\.pnpm\\jest-circus@29.7.0\\node_modules\\jest-circus\\build\\legacy-code-todo-rewrite\\jestAdapterInit.js:122:21)\n    at jestAdapter (E:\\NodeJS\\PBAC_Auth\\user-management-service\\node_modules\\.pnpm\\jest-circus@29.7.0\\node_modules\\jest-circus\\build\\legacy-code-todo-rewrite\\jestAdapter.js:79:19)\n    at runTestInternal (E:\\NodeJS\\PBAC_Auth\\user-management-service\\node_modules\\.pnpm\\jest-runner@29.7.0\\node_modules\\jest-runner\\build\\runTest.js:367:16)\n    at runTest (E:\\NodeJS\\PBAC_Auth\\user-management-service\\node_modules\\.pnpm\\jest-runner@29.7.0\\node_modules\\jest-runner\\build\\runTest.js:444:34)\n    at Object.worker (E:\\NodeJS\\PBAC_Auth\\user-management-service\\node_modules\\.pnpm\\jest-runner@29.7.0\\node_modules\\jest-runner\\build\\testWorker.js:108:12)\n----\n    at Test._assertStatus (E:\\NodeJS\\PBAC_Auth\\user-management-service\\node_modules\\.pnpm\\supertest@7.1.4\\node_modules\\supertest\\lib\\test.js:309:14)\n    at E:\\NodeJS\\PBAC_Auth\\user-management-service\\node_modules\\.pnpm\\supertest@7.1.4\\node_modules\\supertest\\lib\\test.js:365:13\n    at Test._assertFunction (E:\\NodeJS\\PBAC_Auth\\user-management-service\\node_modules\\.pnpm\\supertest@7.1.4\\node_modules\\supertest\\lib\\test.js:342:13)\n    at Test.assert (E:\\NodeJS\\PBAC_Auth\\user-management-service\\node_modules\\.pnpm\\supertest@7.1.4\\node_modules\\supertest\\lib\\test.js:195:23)\n    at localAssert (E:\\NodeJS\\PBAC_Auth\\user-management-service\\node_modules\\.pnpm\\supertest@7.1.4\\node_modules\\supertest\\lib\\test.js:138:14)\n    at Server.<anonymous> (E:\\NodeJS\\PBAC_Auth\\user-management-service\\node_modules\\.pnpm\\supertest@7.1.4\\node_modules\\supertest\\lib\\test.js:152:11)\n    at Object.onceWrapper (node:events:633:28)\n    at Server.emit (node:events:519:28)\n    at emitCloseNT (node:net:2419:8)\n    at processTicksAndRejections (node:internal/process/task_queues:89:21)"],"fullName":"Integration Tests: User Admin Routes (/api/admin/users) Authentication Guard should allow access with the correct test bypass token","invocations":1,"location":null,"numPassingAsserts":0,"retryReasons":[],"status":"failed","title":"should allow access with the correct test bypass token"},{"ancestorTitles":["Integration Tests: User Admin Routes (/api/admin/users)","POST /api/admin/users"],"duration":172,"failureDetails":[],"failureMessages":[],"fullName":"Integration Tests: User Admin Routes (/api/admin/users) POST /api/admin/users should return 201 Created when payload is valid and service succeeds","invocations":1,"location":null,"numPassingAsserts":4,"retryReasons":[],"status":"passed","title":"should return 201 Created when payload is valid and service succeeds"},{"ancestorTitles":["Integration Tests: User Admin Routes (/api/admin/users)","POST /api/admin/users"],"duration":60,"failureDetails":[{}],"failureMessages":["Error: expected 400 \"Bad Request\", got 201 \"Created\"\n    at E:\\NodeJS\\PBAC_Auth\\user-management-service\\tests\\integration\\routes\\user.admin.routes.integration.spec.ts:277:18\n    at Generator.next (<anonymous>)\n    at E:\\NodeJS\\PBAC_Auth\\user-management-service\\tests\\integration\\routes\\user.admin.routes.integration.spec.ts:9:71\n    at new Promise (<anonymous>)\n    at Object.<anonymous>.__awaiter (E:\\NodeJS\\PBAC_Auth\\user-management-service\\tests\\integration\\routes\\user.admin.routes.integration.spec.ts:5:12)\n    at Object.<anonymous> (E:\\NodeJS\\PBAC_Auth\\user-management-service\\tests\\integration\\routes\\user.admin.routes.integration.spec.ts:271:76)\n    at Promise.then.completed (E:\\NodeJS\\PBAC_Auth\\user-management-service\\node_modules\\.pnpm\\jest-circus@29.7.0\\node_modules\\jest-circus\\build\\utils.js:298:28)\n    at new Promise (<anonymous>)\n    at callAsyncCircusFn (E:\\NodeJS\\PBAC_Auth\\user-management-service\\node_modules\\.pnpm\\jest-circus@29.7.0\\node_modules\\jest-circus\\build\\utils.js:231:10)\n    at _callCircusTest (E:\\NodeJS\\PBAC_Auth\\user-management-service\\node_modules\\.pnpm\\jest-circus@29.7.0\\node_modules\\jest-circus\\build\\run.js:316:40)\n    at processTicksAndRejections (node:internal/process/task_queues:105:5)\n    at _runTest (E:\\NodeJS\\PBAC_Auth\\user-management-service\\node_modules\\.pnpm\\jest-circus@29.7.0\\node_modules\\jest-circus\\build\\run.js:252:3)\n    at _runTestsForDescribeBlock (E:\\NodeJS\\PBAC_Auth\\user-management-service\\node_modules\\.pnpm\\jest-circus@29.7.0\\node_modules\\jest-circus\\build\\run.js:126:9)\n    at _runTestsForDescribeBlock (E:\\NodeJS\\PBAC_Auth\\user-management-service\\node_modules\\.pnpm\\jest-circus@29.7.0\\node_modules\\jest-circus\\build\\run.js:121:9)\n    at _runTestsForDescribeBlock (E:\\NodeJS\\PBAC_Auth\\user-management-service\\node_modules\\.pnpm\\jest-circus@29.7.0\\node_modules\\jest-circus\\build\\run.js:121:9)\n    at run (E:\\NodeJS\\PBAC_Auth\\user-management-service\\node_modules\\.pnpm\\jest-circus@29.7.0\\node_modules\\jest-circus\\build\\run.js:71:3)\n    at runAndTransformResultsToJestFormat (E:\\NodeJS\\PBAC_Auth\\user-management-service\\node_modules\\.pnpm\\jest-circus@29.7.0\\node_modules\\jest-circus\\build\\legacy-code-todo-rewrite\\jestAdapterInit.js:122:21)\n    at jestAdapter (E:\\NodeJS\\PBAC_Auth\\user-management-service\\node_modules\\.pnpm\\jest-circus@29.7.0\\node_modules\\jest-circus\\build\\legacy-code-todo-rewrite\\jestAdapter.js:79:19)\n    at runTestInternal (E:\\NodeJS\\PBAC_Auth\\user-management-service\\node_modules\\.pnpm\\jest-runner@29.7.0\\node_modules\\jest-runner\\build\\runTest.js:367:16)\n    at runTest (E:\\NodeJS\\PBAC_Auth\\user-management-service\\node_modules\\.pnpm\\jest-runner@29.7.0\\node_modules\\jest-runner\\build\\runTest.js:444:34)\n    at Object.worker (E:\\NodeJS\\PBAC_Auth\\user-management-service\\node_modules\\.pnpm\\jest-runner@29.7.0\\node_modules\\jest-runner\\build\\testWorker.js:108:12)\n----\n    at Test._assertStatus (E:\\NodeJS\\PBAC_Auth\\user-management-service\\node_modules\\.pnpm\\supertest@7.1.4\\node_modules\\supertest\\lib\\test.js:309:14)\n    at E:\\NodeJS\\PBAC_Auth\\user-management-service\\node_modules\\.pnpm\\supertest@7.1.4\\node_modules\\supertest\\lib\\test.js:365:13\n    at Test._assertFunction (E:\\NodeJS\\PBAC_Auth\\user-management-service\\node_modules\\.pnpm\\supertest@7.1.4\\node_modules\\supertest\\lib\\test.js:342:13)\n    at Test.assert (E:\\NodeJS\\PBAC_Auth\\user-management-service\\node_modules\\.pnpm\\supertest@7.1.4\\node_modules\\supertest\\lib\\test.js:195:23)\n    at localAssert (E:\\NodeJS\\PBAC_Auth\\user-management-service\\node_modules\\.pnpm\\supertest@7.1.4\\node_modules\\supertest\\lib\\test.js:138:14)\n    at Server.<anonymous> (E:\\NodeJS\\PBAC_Auth\\user-management-service\\node_modules\\.pnpm\\supertest@7.1.4\\node_modules\\supertest\\lib\\test.js:152:11)\n    at Object.onceWrapper (node:events:633:28)\n    at Server.emit (node:events:519:28)\n    at emitCloseNT (node:net:2419:8)\n    at processTicksAndRejections (node:internal/process/task_queues:89:21)"],"fullName":"Integration Tests: User Admin Routes (/api/admin/users) POST /api/admin/users should return 400 Bad Request if validation fails","invocations":1,"location":null,"numPassingAsserts":0,"retryReasons":[],"status":"failed","title":"should return 400 Bad Request if validation fails"},{"ancestorTitles":["Integration Tests: User Admin Routes (/api/admin/users)","POST /api/admin/users"],"duration":57,"failureDetails":[],"failureMessages":[],"fullName":"Integration Tests: User Admin Routes (/api/admin/users) POST /api/admin/users should return 409 Conflict if service throws UserExistsError","invocations":1,"location":null,"numPassingAsserts":1,"retryReasons":[],"status":"passed","title":"should return 409 Conflict if service throws UserExistsError"},{"ancestorTitles":["Integration Tests: User Admin Routes (/api/admin/users)","POST /api/admin/users"],"duration":55,"failureDetails":[],"failureMessages":[],"fullName":"Integration Tests: User Admin Routes (/api/admin/users) POST /api/admin/users should return 500 Internal Server Error if service throws an unexpected error","invocations":1,"location":null,"numPassingAsserts":1,"retryReasons":[],"status":"passed","title":"should return 500 Internal Server Error if service throws an unexpected error"},{"ancestorTitles":["Integration Tests: User Admin Routes (/api/admin/users)","GET /api/admin/users"],"duration":63,"failureDetails":[{}],"failureMessages":["Error: expected 200 \"OK\", got 500 \"Internal Server Error\"\n    at E:\\NodeJS\\PBAC_Auth\\user-management-service\\tests\\integration\\routes\\user.admin.routes.integration.spec.ts:315:18\n    at Generator.next (<anonymous>)\n    at E:\\NodeJS\\PBAC_Auth\\user-management-service\\tests\\integration\\routes\\user.admin.routes.integration.spec.ts:9:71\n    at new Promise (<anonymous>)\n    at Object.<anonymous>.__awaiter (E:\\NodeJS\\PBAC_Auth\\user-management-service\\tests\\integration\\routes\\user.admin.routes.integration.spec.ts:5:12)\n    at Object.<anonymous> (E:\\NodeJS\\PBAC_Auth\\user-management-service\\tests\\integration\\routes\\user.admin.routes.integration.spec.ts:306:68)\n    at Promise.then.completed (E:\\NodeJS\\PBAC_Auth\\user-management-service\\node_modules\\.pnpm\\jest-circus@29.7.0\\node_modules\\jest-circus\\build\\utils.js:298:28)\n    at new Promise (<anonymous>)\n    at callAsyncCircusFn (E:\\NodeJS\\PBAC_Auth\\user-management-service\\node_modules\\.pnpm\\jest-circus@29.7.0\\node_modules\\jest-circus\\build\\utils.js:231:10)\n    at _callCircusTest (E:\\NodeJS\\PBAC_Auth\\user-management-service\\node_modules\\.pnpm\\jest-circus@29.7.0\\node_modules\\jest-circus\\build\\run.js:316:40)\n    at processTicksAndRejections (node:internal/process/task_queues:105:5)\n    at _runTest (E:\\NodeJS\\PBAC_Auth\\user-management-service\\node_modules\\.pnpm\\jest-circus@29.7.0\\node_modules\\jest-circus\\build\\run.js:252:3)\n    at _runTestsForDescribeBlock (E:\\NodeJS\\PBAC_Auth\\user-management-service\\node_modules\\.pnpm\\jest-circus@29.7.0\\node_modules\\jest-circus\\build\\run.js:126:9)\n    at _runTestsForDescribeBlock (E:\\NodeJS\\PBAC_Auth\\user-management-service\\node_modules\\.pnpm\\jest-circus@29.7.0\\node_modules\\jest-circus\\build\\run.js:121:9)\n    at _runTestsForDescribeBlock (E:\\NodeJS\\PBAC_Auth\\user-management-service\\node_modules\\.pnpm\\jest-circus@29.7.0\\node_modules\\jest-circus\\build\\run.js:121:9)\n    at run (E:\\NodeJS\\PBAC_Auth\\user-management-service\\node_modules\\.pnpm\\jest-circus@29.7.0\\node_modules\\jest-circus\\build\\run.js:71:3)\n    at runAndTransformResultsToJestFormat (E:\\NodeJS\\PBAC_Auth\\user-management-service\\node_modules\\.pnpm\\jest-circus@29.7.0\\node_modules\\jest-circus\\build\\legacy-code-todo-rewrite\\jestAdapterInit.js:122:21)\n    at jestAdapter (E:\\NodeJS\\PBAC_Auth\\user-management-service\\node_modules\\.pnpm\\jest-circus@29.7.0\\node_modules\\jest-circus\\build\\legacy-code-todo-rewrite\\jestAdapter.js:79:19)\n    at runTestInternal (E:\\NodeJS\\PBAC_Auth\\user-management-service\\node_modules\\.pnpm\\jest-runner@29.7.0\\node_modules\\jest-runner\\build\\runTest.js:367:16)\n    at runTest (E:\\NodeJS\\PBAC_Auth\\user-management-service\\node_modules\\.pnpm\\jest-runner@29.7.0\\node_modules\\jest-runner\\build\\runTest.js:444:34)\n    at Object.worker (E:\\NodeJS\\PBAC_Auth\\user-management-service\\node_modules\\.pnpm\\jest-runner@29.7.0\\node_modules\\jest-runner\\build\\testWorker.js:108:12)\n----\n    at Test._assertStatus (E:\\NodeJS\\PBAC_Auth\\user-management-service\\node_modules\\.pnpm\\supertest@7.1.4\\node_modules\\supertest\\lib\\test.js:309:14)\n    at E:\\NodeJS\\PBAC_Auth\\user-management-service\\node_modules\\.pnpm\\supertest@7.1.4\\node_modules\\supertest\\lib\\test.js:365:13\n    at Test._assertFunction (E:\\NodeJS\\PBAC_Auth\\user-management-service\\node_modules\\.pnpm\\supertest@7.1.4\\node_modules\\supertest\\lib\\test.js:342:13)\n    at Test.assert (E:\\NodeJS\\PBAC_Auth\\user-management-service\\node_modules\\.pnpm\\supertest@7.1.4\\node_modules\\supertest\\lib\\test.js:195:23)\n    at localAssert (E:\\NodeJS\\PBAC_Auth\\user-management-service\\node_modules\\.pnpm\\supertest@7.1.4\\node_modules\\supertest\\lib\\test.js:138:14)\n    at Server.<anonymous> (E:\\NodeJS\\PBAC_Auth\\user-management-service\\node_modules\\.pnpm\\supertest@7.1.4\\node_modules\\supertest\\lib\\test.js:152:11)\n    at Object.onceWrapper (node:events:633:28)\n    at Server.emit (node:events:519:28)\n    at emitCloseNT (node:net:2419:8)\n    at processTicksAndRejections (node:internal/process/task_queues:89:21)"],"fullName":"Integration Tests: User Admin Routes (/api/admin/users) GET /api/admin/users should return 200 OK with a list of users","invocations":1,"location":null,"numPassingAsserts":0,"retryReasons":[],"status":"failed","title":"should return 200 OK with a list of users"},{"ancestorTitles":["Integration Tests: User Admin Routes (/api/admin/users)","GET /api/admin/users"],"duration":134,"failureDetails":[{}],"failureMessages":["Error: expected 200 \"OK\", got 500 \"Internal Server Error\"\n    at E:\\NodeJS\\PBAC_Auth\\user-management-service\\tests\\integration\\routes\\user.admin.routes.integration.spec.ts:325:18\n    at Generator.next (<anonymous>)\n    at E:\\NodeJS\\PBAC_Auth\\user-management-service\\tests\\integration\\routes\\user.admin.routes.integration.spec.ts:9:71\n    at new Promise (<anonymous>)\n    at Object.<anonymous>.__awaiter (E:\\NodeJS\\PBAC_Auth\\user-management-service\\tests\\integration\\routes\\user.admin.routes.integration.spec.ts:5:12)\n    at Object.<anonymous> (E:\\NodeJS\\PBAC_Auth\\user-management-service\\tests\\integration\\routes\\user.admin.routes.integration.spec.ts:319:70)\n    at Promise.then.completed (E:\\NodeJS\\PBAC_Auth\\user-management-service\\node_modules\\.pnpm\\jest-circus@29.7.0\\node_modules\\jest-circus\\build\\utils.js:298:28)\n    at new Promise (<anonymous>)\n    at callAsyncCircusFn (E:\\NodeJS\\PBAC_Auth\\user-management-service\\node_modules\\.pnpm\\jest-circus@29.7.0\\node_modules\\jest-circus\\build\\utils.js:231:10)\n    at _callCircusTest (E:\\NodeJS\\PBAC_Auth\\user-management-service\\node_modules\\.pnpm\\jest-circus@29.7.0\\node_modules\\jest-circus\\build\\run.js:316:40)\n    at processTicksAndRejections (node:internal/process/task_queues:105:5)\n    at _runTest (E:\\NodeJS\\PBAC_Auth\\user-management-service\\node_modules\\.pnpm\\jest-circus@29.7.0\\node_modules\\jest-circus\\build\\run.js:252:3)\n    at _runTestsForDescribeBlock (E:\\NodeJS\\PBAC_Auth\\user-management-service\\node_modules\\.pnpm\\jest-circus@29.7.0\\node_modules\\jest-circus\\build\\run.js:126:9)\n    at _runTestsForDescribeBlock (E:\\NodeJS\\PBAC_Auth\\user-management-service\\node_modules\\.pnpm\\jest-circus@29.7.0\\node_modules\\jest-circus\\build\\run.js:121:9)\n    at _runTestsForDescribeBlock (E:\\NodeJS\\PBAC_Auth\\user-management-service\\node_modules\\.pnpm\\jest-circus@29.7.0\\node_modules\\jest-circus\\build\\run.js:121:9)\n    at run (E:\\NodeJS\\PBAC_Auth\\user-management-service\\node_modules\\.pnpm\\jest-circus@29.7.0\\node_modules\\jest-circus\\build\\run.js:71:3)\n    at runAndTransformResultsToJestFormat (E:\\NodeJS\\PBAC_Auth\\user-management-service\\node_modules\\.pnpm\\jest-circus@29.7.0\\node_modules\\jest-circus\\build\\legacy-code-todo-rewrite\\jestAdapterInit.js:122:21)\n    at jestAdapter (E:\\NodeJS\\PBAC_Auth\\user-management-service\\node_modules\\.pnpm\\jest-circus@29.7.0\\node_modules\\jest-circus\\build\\legacy-code-todo-rewrite\\jestAdapter.js:79:19)\n    at runTestInternal (E:\\NodeJS\\PBAC_Auth\\user-management-service\\node_modules\\.pnpm\\jest-runner@29.7.0\\node_modules\\jest-runner\\build\\runTest.js:367:16)\n    at runTest (E:\\NodeJS\\PBAC_Auth\\user-management-service\\node_modules\\.pnpm\\jest-runner@29.7.0\\node_modules\\jest-runner\\build\\runTest.js:444:34)\n    at Object.worker (E:\\NodeJS\\PBAC_Auth\\user-management-service\\node_modules\\.pnpm\\jest-runner@29.7.0\\node_modules\\jest-runner\\build\\testWorker.js:108:12)\n----\n    at Test._assertStatus (E:\\NodeJS\\PBAC_Auth\\user-management-service\\node_modules\\.pnpm\\supertest@7.1.4\\node_modules\\supertest\\lib\\test.js:309:14)\n    at E:\\NodeJS\\PBAC_Auth\\user-management-service\\node_modules\\.pnpm\\supertest@7.1.4\\node_modules\\supertest\\lib\\test.js:365:13\n    at Test._assertFunction (E:\\NodeJS\\PBAC_Auth\\user-management-service\\node_modules\\.pnpm\\supertest@7.1.4\\node_modules\\supertest\\lib\\test.js:342:13)\n    at Test.assert (E:\\NodeJS\\PBAC_Auth\\user-management-service\\node_modules\\.pnpm\\supertest@7.1.4\\node_modules\\supertest\\lib\\test.js:195:23)\n    at localAssert (E:\\NodeJS\\PBAC_Auth\\user-management-service\\node_modules\\.pnpm\\supertest@7.1.4\\node_modules\\supertest\\lib\\test.js:138:14)\n    at Server.<anonymous> (E:\\NodeJS\\PBAC_Auth\\user-management-service\\node_modules\\.pnpm\\supertest@7.1.4\\node_modules\\supertest\\lib\\test.js:152:11)\n    at Object.onceWrapper (node:events:633:28)\n    at Server.emit (node:events:519:28)\n    at emitCloseNT (node:net:2419:8)\n    at processTicksAndRejections (node:internal/process/task_queues:89:21)"],"fullName":"Integration Tests: User Admin Routes (/api/admin/users) GET /api/admin/users should pass query parameters to the service","invocations":1,"location":null,"numPassingAsserts":0,"retryReasons":[],"status":"failed","title":"should pass query parameters to the service"},{"ancestorTitles":["Integration Tests: User Admin Routes (/api/admin/users)","GET /api/admin/users"],"duration":118,"failureDetails":[{"matcherResult":{"message":"\u001b[2mexpect(\u001b[22m\u001b[31mjest.fn()\u001b[39m\u001b[2m).\u001b[22mtoHaveBeenCalledTimes\u001b[2m(\u001b[22m\u001b[32mexpected\u001b[39m\u001b[2m)\u001b[22m\n\nExpected number of calls: \u001b[32m1\u001b[39m\nReceived number of calls: \u001b[31m0\u001b[39m","pass":false}}],"failureMessages":["Error: \u001b[2mexpect(\u001b[22m\u001b[31mjest.fn()\u001b[39m\u001b[2m).\u001b[22mtoHaveBeenCalledTimes\u001b[2m(\u001b[22m\u001b[32mexpected\u001b[39m\u001b[2m)\u001b[22m\n\nExpected number of calls: \u001b[32m1\u001b[39m\nReceived number of calls: \u001b[31m0\u001b[39m\n    at E:\\NodeJS\\PBAC_Auth\\user-management-service\\tests\\integration\\routes\\user.admin.routes.integration.spec.ts:336:52\n    at Generator.next (<anonymous>)\n    at fulfilled (E:\\NodeJS\\PBAC_Auth\\user-management-service\\tests\\integration\\routes\\user.admin.routes.integration.spec.ts:6:58)\n    at processTicksAndRejections (node:internal/process/task_queues:105:5)"],"fullName":"Integration Tests: User Admin Routes (/api/admin/users) GET /api/admin/users should return 500 if the service fails unexpectedly","invocations":1,"location":null,"numPassingAsserts":0,"retryReasons":[],"status":"failed","title":"should return 500 if the service fails unexpectedly"},{"ancestorTitles":["Integration Tests: User Admin Routes (/api/admin/users)","GET /api/admin/users/:username"],"duration":63,"failureDetails":[],"failureMessages":[],"fullName":"Integration Tests: User Admin Routes (/api/admin/users) GET /api/admin/users/:username should return 200 OK with user data if user exists","invocations":1,"location":null,"numPassingAsserts":1,"retryReasons":[],"status":"passed","title":"should return 200 OK with user data if user exists"},{"ancestorTitles":["Integration Tests: User Admin Routes (/api/admin/users)","GET /api/admin/users/:username"],"duration":79,"failureDetails":[],"failureMessages":[],"fullName":"Integration Tests: User Admin Routes (/api/admin/users) GET /api/admin/users/:username should return 404 Not Found if service returns null","invocations":1,"location":null,"numPassingAsserts":1,"retryReasons":[],"status":"passed","title":"should return 404 Not Found if service returns null"},{"ancestorTitles":["Integration Tests: User Admin Routes (/api/admin/users)","GET /api/admin/users/:username"],"duration":76,"failureDetails":[],"failureMessages":[],"fullName":"Integration Tests: User Admin Routes (/api/admin/users) GET /api/admin/users/:username should return 404 Not Found if service throws UserNotFoundError","invocations":1,"location":null,"numPassingAsserts":1,"retryReasons":[],"status":"passed","title":"should return 404 Not Found if service throws UserNotFoundError"},{"ancestorTitles":["Integration Tests: User Admin Routes (/api/admin/users)","GET /api/admin/users/:username"],"duration":80,"failureDetails":[],"failureMessages":[],"fullName":"Integration Tests: User Admin Routes (/api/admin/users) GET /api/admin/users/:username should return 500 if the service fails unexpectedly","invocations":1,"location":null,"numPassingAsserts":1,"retryReasons":[],"status":"passed","title":"should return 500 if the service fails unexpectedly"},{"ancestorTitles":["Integration Tests: User Admin Routes (/api/admin/users)","PUT /api/admin/users/:username/attributes"],"duration":74,"failureDetails":[],"failureMessages":[],"fullName":"Integration Tests: User Admin Routes (/api/admin/users) PUT /api/admin/users/:username/attributes should return 204 No Content if service succeeds","invocations":1,"location":null,"numPassingAsserts":2,"retryReasons":[],"status":"passed","title":"should return 204 No Content if service succeeds"},{"ancestorTitles":["Integration Tests: User Admin Routes (/api/admin/users)","PUT /api/admin/users/:username/attributes"],"duration":65,"failureDetails":[],"failureMessages":[],"fullName":"Integration Tests: User Admin Routes (/api/admin/users) PUT /api/admin/users/:username/attributes should return 400 Bad Request if update payload is invalid","invocations":1,"location":null,"numPassingAsserts":1,"retryReasons":[],"status":"passed","title":"should return 400 Bad Request if update payload is invalid"},{"ancestorTitles":["Integration Tests: User Admin Routes (/api/admin/users)","PUT /api/admin/users/:username/attributes"],"duration":68,"failureDetails":[],"failureMessages":[],"fullName":"Integration Tests: User Admin Routes (/api/admin/users) PUT /api/admin/users/:username/attributes should return 404 Not Found if service throws UserNotFoundError","invocations":1,"location":null,"numPassingAsserts":1,"retryReasons":[],"status":"passed","title":"should return 404 Not Found if service throws UserNotFoundError"},{"ancestorTitles":["Integration Tests: User Admin Routes (/api/admin/users)","PUT /api/admin/users/:username/attributes"],"duration":42,"failureDetails":[],"failureMessages":[],"fullName":"Integration Tests: User Admin Routes (/api/admin/users) PUT /api/admin/users/:username/attributes should return 500 if service fails unexpectedly","invocations":1,"location":null,"numPassingAsserts":1,"retryReasons":[],"status":"passed","title":"should return 500 if service fails unexpectedly"},{"ancestorTitles":["Integration Tests: User Admin Routes (/api/admin/users)","DELETE /api/admin/users/:username (Permanent Delete)"],"duration":60,"failureDetails":[],"failureMessages":[],"fullName":"Integration Tests: User Admin Routes (/api/admin/users) DELETE /api/admin/users/:username (Permanent Delete) should return 204 No Content if service succeeds","invocations":1,"location":null,"numPassingAsserts":1,"retryReasons":[],"status":"passed","title":"should return 204 No Content if service succeeds"},{"ancestorTitles":["Integration Tests: User Admin Routes (/api/admin/users)","DELETE /api/admin/users/:username (Permanent Delete)"],"duration":46,"failureDetails":[],"failureMessages":[],"fullName":"Integration Tests: User Admin Routes (/api/admin/users) DELETE /api/admin/users/:username (Permanent Delete) should return 404 Not Found if service throws UserNotFoundError","invocations":1,"location":null,"numPassingAsserts":1,"retryReasons":[],"status":"passed","title":"should return 404 Not Found if service throws UserNotFoundError"},{"ancestorTitles":["Integration Tests: User Admin Routes (/api/admin/users)","DELETE /api/admin/users/:username (Permanent Delete)"],"duration":29,"failureDetails":[],"failureMessages":[],"fullName":"Integration Tests: User Admin Routes (/api/admin/users) DELETE /api/admin/users/:username (Permanent Delete) should return 500 if service fails unexpectedly","invocations":1,"location":null,"numPassingAsserts":1,"retryReasons":[],"status":"passed","title":"should return 500 if service fails unexpectedly"},{"ancestorTitles":["Integration Tests: User Admin Routes (/api/admin/users)","PUT /api/admin/users/:username/reactivate (Enable)"],"duration":32,"failureDetails":[],"failureMessages":[],"fullName":"Integration Tests: User Admin Routes (/api/admin/users) PUT /api/admin/users/:username/reactivate (Enable) should return 200 OK on successful enable","invocations":1,"location":null,"numPassingAsserts":1,"retryReasons":[],"status":"passed","title":"should return 200 OK on successful enable"},{"ancestorTitles":["Integration Tests: User Admin Routes (/api/admin/users)","PUT /api/admin/users/:username/reactivate (Enable)"],"duration":38,"failureDetails":[],"failureMessages":[],"fullName":"Integration Tests: User Admin Routes (/api/admin/users) PUT /api/admin/users/:username/reactivate (Enable) should return 404 Not Found if service throws UserNotFoundError","invocations":1,"location":null,"numPassingAsserts":1,"retryReasons":[],"status":"passed","title":"should return 404 Not Found if service throws UserNotFoundError"},{"ancestorTitles":["Integration Tests: User Admin Routes (/api/admin/users)","PUT /api/admin/users/:username/reactivate (Enable)"],"duration":38,"failureDetails":[],"failureMessages":[],"fullName":"Integration Tests: User Admin Routes (/api/admin/users) PUT /api/admin/users/:username/reactivate (Enable) should return 500 if service fails unexpectedly","invocations":1,"location":null,"numPassingAsserts":1,"retryReasons":[],"status":"passed","title":"should return 500 if service fails unexpectedly"},{"ancestorTitles":["Integration Tests: User Admin Routes (/api/admin/users)","POST /api/admin/users/:username/initiate-password-reset"],"duration":34,"failureDetails":[],"failureMessages":[],"fullName":"Integration Tests: User Admin Routes (/api/admin/users) POST /api/admin/users/:username/initiate-password-reset should return 200 OK on successful initiation","invocations":1,"location":null,"numPassingAsserts":1,"retryReasons":[],"status":"passed","title":"should return 200 OK on successful initiation"},{"ancestorTitles":["Integration Tests: User Admin Routes (/api/admin/users)","POST /api/admin/users/:username/initiate-password-reset"],"duration":41,"failureDetails":[],"failureMessages":[],"fullName":"Integration Tests: User Admin Routes (/api/admin/users) POST /api/admin/users/:username/initiate-password-reset should return 404 Not Found if service throws UserNotFoundError","invocations":1,"location":null,"numPassingAsserts":1,"retryReasons":[],"status":"passed","title":"should return 404 Not Found if service throws UserNotFoundError"},{"ancestorTitles":["Integration Tests: User Admin Routes (/api/admin/users)","POST /api/admin/users/:username/initiate-password-reset"],"duration":63,"failureDetails":[],"failureMessages":[],"fullName":"Integration Tests: User Admin Routes (/api/admin/users) POST /api/admin/users/:username/initiate-password-reset should return 500 if service fails unexpectedly","invocations":1,"location":null,"numPassingAsserts":1,"retryReasons":[],"status":"passed","title":"should return 500 if service fails unexpectedly"},{"ancestorTitles":["Integration Tests: User Admin Routes (/api/admin/users)","POST /api/admin/users/:username/set-password"],"duration":53,"failureDetails":[],"failureMessages":[],"fullName":"Integration Tests: User Admin Routes (/api/admin/users) POST /api/admin/users/:username/set-password should return 200 OK on successful password set","invocations":1,"location":null,"numPassingAsserts":1,"retryReasons":[],"status":"passed","title":"should return 200 OK on successful password set"},{"ancestorTitles":["Integration Tests: User Admin Routes (/api/admin/users)","POST /api/admin/users/:username/set-password"],"duration":53,"failureDetails":[],"failureMessages":[],"fullName":"Integration Tests: User Admin Routes (/api/admin/users) POST /api/admin/users/:username/set-password should return 400 Bad Request if password missing in body","invocations":1,"location":null,"numPassingAsserts":1,"retryReasons":[],"status":"passed","title":"should return 400 Bad Request if password missing in body"},{"ancestorTitles":["Integration Tests: User Admin Routes (/api/admin/users)","POST /api/admin/users/:username/set-password"],"duration":53,"failureDetails":[],"failureMessages":[],"fullName":"Integration Tests: User Admin Routes (/api/admin/users) POST /api/admin/users/:username/set-password should return 404 Not Found if service throws UserNotFoundError","invocations":1,"location":null,"numPassingAsserts":1,"retryReasons":[],"status":"passed","title":"should return 404 Not Found if service throws UserNotFoundError"},{"ancestorTitles":["Integration Tests: User Admin Routes (/api/admin/users)","POST /api/admin/users/:username/set-password"],"duration":51,"failureDetails":[],"failureMessages":[],"fullName":"Integration Tests: User Admin Routes (/api/admin/users) POST /api/admin/users/:username/set-password should return 500 if service fails unexpectedly","invocations":1,"location":null,"numPassingAsserts":1,"retryReasons":[],"status":"passed","title":"should return 500 if service fails unexpectedly"},{"ancestorTitles":["Integration Tests: User Admin Routes (/api/admin/users)","User Group Management","POST /api/admin/users/:username/groups"],"duration":47,"failureDetails":[],"failureMessages":[],"fullName":"Integration Tests: User Admin Routes (/api/admin/users) User Group Management POST /api/admin/users/:username/groups should return 200 OK when adding user to group succeeds","invocations":1,"location":null,"numPassingAsserts":1,"retryReasons":[],"status":"passed","title":"should return 200 OK when adding user to group succeeds"},{"ancestorTitles":["Integration Tests: User Admin Routes (/api/admin/users)","User Group Management","POST /api/admin/users/:username/groups"],"duration":64,"failureDetails":[],"failureMessages":[],"fullName":"Integration Tests: User Admin Routes (/api/admin/users) User Group Management POST /api/admin/users/:username/groups should return 400 Bad Request if groupName missing","invocations":1,"location":null,"numPassingAsserts":1,"retryReasons":[],"status":"passed","title":"should return 400 Bad Request if groupName missing"},{"ancestorTitles":["Integration Tests: User Admin Routes (/api/admin/users)","User Group Management","POST /api/admin/users/:username/groups"],"duration":51,"failureDetails":[],"failureMessages":[],"fullName":"Integration Tests: User Admin Routes (/api/admin/users) User Group Management POST /api/admin/users/:username/groups should return 404 Not Found if user/group not found (via service error)","invocations":1,"location":null,"numPassingAsserts":1,"retryReasons":[],"status":"passed","title":"should return 404 Not Found if user/group not found (via service error)"},{"ancestorTitles":["Integration Tests: User Admin Routes (/api/admin/users)","User Group Management","GET /api/admin/users/:username/groups"],"duration":39,"failureDetails":[],"failureMessages":[],"fullName":"Integration Tests: User Admin Routes (/api/admin/users) User Group Management GET /api/admin/users/:username/groups should return 200 OK and list groups for user","invocations":1,"location":null,"numPassingAsserts":1,"retryReasons":[],"status":"passed","title":"should return 200 OK and list groups for user"},{"ancestorTitles":["Integration Tests: User Admin Routes (/api/admin/users)","User Group Management","GET /api/admin/users/:username/groups"],"duration":39,"failureDetails":[],"failureMessages":[],"fullName":"Integration Tests: User Admin Routes (/api/admin/users) User Group Management GET /api/admin/users/:username/groups should return 404 if user not found (via service error)","invocations":1,"location":null,"numPassingAsserts":1,"retryReasons":[],"status":"passed","title":"should return 404 if user not found (via service error)"},{"ancestorTitles":["Integration Tests: User Admin Routes (/api/admin/users)","User Group Management","DELETE /api/admin/users/:username/groups/:groupName"],"duration":43,"failureDetails":[{}],"failureMessages":["Error: expected 204 \"No Content\", got 500 \"Internal Server Error\"\n    at E:\\NodeJS\\PBAC_Auth\\user-management-service\\tests\\integration\\routes\\user.admin.routes.integration.spec.ts:660:22\n    at Generator.next (<anonymous>)\n    at E:\\NodeJS\\PBAC_Auth\\user-management-service\\tests\\integration\\routes\\user.admin.routes.integration.spec.ts:9:71\n    at new Promise (<anonymous>)\n    at Object.<anonymous>.__awaiter (E:\\NodeJS\\PBAC_Auth\\user-management-service\\tests\\integration\\routes\\user.admin.routes.integration.spec.ts:5:12)\n    at Object.<anonymous> (E:\\NodeJS\\PBAC_Auth\\user-management-service\\tests\\integration\\routes\\user.admin.routes.integration.spec.ts:655:89)\n    at Promise.then.completed (E:\\NodeJS\\PBAC_Auth\\user-management-service\\node_modules\\.pnpm\\jest-circus@29.7.0\\node_modules\\jest-circus\\build\\utils.js:298:28)\n    at new Promise (<anonymous>)\n    at callAsyncCircusFn (E:\\NodeJS\\PBAC_Auth\\user-management-service\\node_modules\\.pnpm\\jest-circus@29.7.0\\node_modules\\jest-circus\\build\\utils.js:231:10)\n    at _callCircusTest (E:\\NodeJS\\PBAC_Auth\\user-management-service\\node_modules\\.pnpm\\jest-circus@29.7.0\\node_modules\\jest-circus\\build\\run.js:316:40)\n    at processTicksAndRejections (node:internal/process/task_queues:105:5)\n    at _runTest (E:\\NodeJS\\PBAC_Auth\\user-management-service\\node_modules\\.pnpm\\jest-circus@29.7.0\\node_modules\\jest-circus\\build\\run.js:252:3)\n    at _runTestsForDescribeBlock (E:\\NodeJS\\PBAC_Auth\\user-management-service\\node_modules\\.pnpm\\jest-circus@29.7.0\\node_modules\\jest-circus\\build\\run.js:126:9)\n    at _runTestsForDescribeBlock (E:\\NodeJS\\PBAC_Auth\\user-management-service\\node_modules\\.pnpm\\jest-circus@29.7.0\\node_modules\\jest-circus\\build\\run.js:121:9)\n    at _runTestsForDescribeBlock (E:\\NodeJS\\PBAC_Auth\\user-management-service\\node_modules\\.pnpm\\jest-circus@29.7.0\\node_modules\\jest-circus\\build\\run.js:121:9)\n    at _runTestsForDescribeBlock (E:\\NodeJS\\PBAC_Auth\\user-management-service\\node_modules\\.pnpm\\jest-circus@29.7.0\\node_modules\\jest-circus\\build\\run.js:121:9)\n    at run (E:\\NodeJS\\PBAC_Auth\\user-management-service\\node_modules\\.pnpm\\jest-circus@29.7.0\\node_modules\\jest-circus\\build\\run.js:71:3)\n    at runAndTransformResultsToJestFormat (E:\\NodeJS\\PBAC_Auth\\user-management-service\\node_modules\\.pnpm\\jest-circus@29.7.0\\node_modules\\jest-circus\\build\\legacy-code-todo-rewrite\\jestAdapterInit.js:122:21)\n    at jestAdapter (E:\\NodeJS\\PBAC_Auth\\user-management-service\\node_modules\\.pnpm\\jest-circus@29.7.0\\node_modules\\jest-circus\\build\\legacy-code-todo-rewrite\\jestAdapter.js:79:19)\n    at runTestInternal (E:\\NodeJS\\PBAC_Auth\\user-management-service\\node_modules\\.pnpm\\jest-runner@29.7.0\\node_modules\\jest-runner\\build\\runTest.js:367:16)\n    at runTest (E:\\NodeJS\\PBAC_Auth\\user-management-service\\node_modules\\.pnpm\\jest-runner@29.7.0\\node_modules\\jest-runner\\build\\runTest.js:444:34)\n    at Object.worker (E:\\NodeJS\\PBAC_Auth\\user-management-service\\node_modules\\.pnpm\\jest-runner@29.7.0\\node_modules\\jest-runner\\build\\testWorker.js:108:12)\n----\n    at Test._assertStatus (E:\\NodeJS\\PBAC_Auth\\user-management-service\\node_modules\\.pnpm\\supertest@7.1.4\\node_modules\\supertest\\lib\\test.js:309:14)\n    at E:\\NodeJS\\PBAC_Auth\\user-management-service\\node_modules\\.pnpm\\supertest@7.1.4\\node_modules\\supertest\\lib\\test.js:365:13\n    at Test._assertFunction (E:\\NodeJS\\PBAC_Auth\\user-management-service\\node_modules\\.pnpm\\supertest@7.1.4\\node_modules\\supertest\\lib\\test.js:342:13)\n    at Test.assert (E:\\NodeJS\\PBAC_Auth\\user-management-service\\node_modules\\.pnpm\\supertest@7.1.4\\node_modules\\supertest\\lib\\test.js:195:23)\n    at localAssert (E:\\NodeJS\\PBAC_Auth\\user-management-service\\node_modules\\.pnpm\\supertest@7.1.4\\node_modules\\supertest\\lib\\test.js:138:14)\n    at Server.<anonymous> (E:\\NodeJS\\PBAC_Auth\\user-management-service\\node_modules\\.pnpm\\supertest@7.1.4\\node_modules\\supertest\\lib\\test.js:152:11)\n    at Object.onceWrapper (node:events:633:28)\n    at Server.emit (node:events:519:28)\n    at emitCloseNT (node:net:2419:8)\n    at processTicksAndRejections (node:internal/process/task_queues:89:21)"],"fullName":"Integration Tests: User Admin Routes (/api/admin/users) User Group Management DELETE /api/admin/users/:username/groups/:groupName should return 204 No Content when removing user from group","invocations":1,"location":null,"numPassingAsserts":0,"retryReasons":[],"status":"failed","title":"should return 204 No Content when removing user from group"},{"ancestorTitles":["Integration Tests: User Admin Routes (/api/admin/users)","User Group Management","DELETE /api/admin/users/:username/groups/:groupName"],"duration":41,"failureDetails":[{}],"failureMessages":["Error: expected 404 \"Not Found\", got 500 \"Internal Server Error\"\n    at E:\\NodeJS\\PBAC_Auth\\user-management-service\\tests\\integration\\routes\\user.admin.routes.integration.spec.ts:670:22\n    at Generator.next (<anonymous>)\n    at E:\\NodeJS\\PBAC_Auth\\user-management-service\\tests\\integration\\routes\\user.admin.routes.integration.spec.ts:9:71\n    at new Promise (<anonymous>)\n    at Object.<anonymous>.__awaiter (E:\\NodeJS\\PBAC_Auth\\user-management-service\\tests\\integration\\routes\\user.admin.routes.integration.spec.ts:5:12)\n    at Object.<anonymous> (E:\\NodeJS\\PBAC_Auth\\user-management-service\\tests\\integration\\routes\\user.admin.routes.integration.spec.ts:664:92)\n    at Promise.then.completed (E:\\NodeJS\\PBAC_Auth\\user-management-service\\node_modules\\.pnpm\\jest-circus@29.7.0\\node_modules\\jest-circus\\build\\utils.js:298:28)\n    at new Promise (<anonymous>)\n    at callAsyncCircusFn (E:\\NodeJS\\PBAC_Auth\\user-management-service\\node_modules\\.pnpm\\jest-circus@29.7.0\\node_modules\\jest-circus\\build\\utils.js:231:10)\n    at _callCircusTest (E:\\NodeJS\\PBAC_Auth\\user-management-service\\node_modules\\.pnpm\\jest-circus@29.7.0\\node_modules\\jest-circus\\build\\run.js:316:40)\n    at processTicksAndRejections (node:internal/process/task_queues:105:5)\n    at _runTest (E:\\NodeJS\\PBAC_Auth\\user-management-service\\node_modules\\.pnpm\\jest-circus@29.7.0\\node_modules\\jest-circus\\build\\run.js:252:3)\n    at _runTestsForDescribeBlock (E:\\NodeJS\\PBAC_Auth\\user-management-service\\node_modules\\.pnpm\\jest-circus@29.7.0\\node_modules\\jest-circus\\build\\run.js:126:9)\n    at _runTestsForDescribeBlock (E:\\NodeJS\\PBAC_Auth\\user-management-service\\node_modules\\.pnpm\\jest-circus@29.7.0\\node_modules\\jest-circus\\build\\run.js:121:9)\n    at _runTestsForDescribeBlock (E:\\NodeJS\\PBAC_Auth\\user-management-service\\node_modules\\.pnpm\\jest-circus@29.7.0\\node_modules\\jest-circus\\build\\run.js:121:9)\n    at _runTestsForDescribeBlock (E:\\NodeJS\\PBAC_Auth\\user-management-service\\node_modules\\.pnpm\\jest-circus@29.7.0\\node_modules\\jest-circus\\build\\run.js:121:9)\n    at run (E:\\NodeJS\\PBAC_Auth\\user-management-service\\node_modules\\.pnpm\\jest-circus@29.7.0\\node_modules\\jest-circus\\build\\run.js:71:3)\n    at runAndTransformResultsToJestFormat (E:\\NodeJS\\PBAC_Auth\\user-management-service\\node_modules\\.pnpm\\jest-circus@29.7.0\\node_modules\\jest-circus\\build\\legacy-code-todo-rewrite\\jestAdapterInit.js:122:21)\n    at jestAdapter (E:\\NodeJS\\PBAC_Auth\\user-management-service\\node_modules\\.pnpm\\jest-circus@29.7.0\\node_modules\\jest-circus\\build\\legacy-code-todo-rewrite\\jestAdapter.js:79:19)\n    at runTestInternal (E:\\NodeJS\\PBAC_Auth\\user-management-service\\node_modules\\.pnpm\\jest-runner@29.7.0\\node_modules\\jest-runner\\build\\runTest.js:367:16)\n    at runTest (E:\\NodeJS\\PBAC_Auth\\user-management-service\\node_modules\\.pnpm\\jest-runner@29.7.0\\node_modules\\jest-runner\\build\\runTest.js:444:34)\n    at Object.worker (E:\\NodeJS\\PBAC_Auth\\user-management-service\\node_modules\\.pnpm\\jest-runner@29.7.0\\node_modules\\jest-runner\\build\\testWorker.js:108:12)\n----\n    at Test._assertStatus (E:\\NodeJS\\PBAC_Auth\\user-management-service\\node_modules\\.pnpm\\supertest@7.1.4\\node_modules\\supertest\\lib\\test.js:309:14)\n    at E:\\NodeJS\\PBAC_Auth\\user-management-service\\node_modules\\.pnpm\\supertest@7.1.4\\node_modules\\supertest\\lib\\test.js:365:13\n    at Test._assertFunction (E:\\NodeJS\\PBAC_Auth\\user-management-service\\node_modules\\.pnpm\\supertest@7.1.4\\node_modules\\supertest\\lib\\test.js:342:13)\n    at Test.assert (E:\\NodeJS\\PBAC_Auth\\user-management-service\\node_modules\\.pnpm\\supertest@7.1.4\\node_modules\\supertest\\lib\\test.js:195:23)\n    at localAssert (E:\\NodeJS\\PBAC_Auth\\user-management-service\\node_modules\\.pnpm\\supertest@7.1.4\\node_modules\\supertest\\lib\\test.js:138:14)\n    at Server.<anonymous> (E:\\NodeJS\\PBAC_Auth\\user-management-service\\node_modules\\.pnpm\\supertest@7.1.4\\node_modules\\supertest\\lib\\test.js:152:11)\n    at Object.onceWrapper (node:events:633:28)\n    at Server.emit (node:events:519:28)\n    at emitCloseNT (node:net:2419:8)\n    at processTicksAndRejections (node:internal/process/task_queues:89:21)"],"fullName":"Integration Tests: User Admin Routes (/api/admin/users) User Group Management DELETE /api/admin/users/:username/groups/:groupName should return 404 if user/group not found (via service error)","invocations":1,"location":null,"numPassingAsserts":0,"retryReasons":[],"status":"failed","title":"should return 404 if user/group not found (via service error)"},{"ancestorTitles":["Integration Tests: User Admin Routes (/api/admin/users)","User Group Management","DELETE /api/admin/users/:username"],"duration":37,"failureDetails":[],"failureMessages":[],"fullName":"Integration Tests: User Admin Routes (/api/admin/users) User Group Management DELETE /api/admin/users/:username should return 204 No Content if service succeeds","invocations":1,"location":null,"numPassingAsserts":1,"retryReasons":[],"status":"passed","title":"should return 204 No Content if service succeeds"},{"ancestorTitles":["Integration Tests: User Admin Routes (/api/admin/users)","User Group Management","DELETE /api/admin/users/:username"],"duration":44,"failureDetails":[],"failureMessages":[],"fullName":"Integration Tests: User Admin Routes (/api/admin/users) User Group Management DELETE /api/admin/users/:username should return 404 Not Found if service throws UserNotFoundError","invocations":1,"location":null,"numPassingAsserts":1,"retryReasons":[],"status":"passed","title":"should return 404 Not Found if service throws UserNotFoundError"},{"ancestorTitles":["Integration Tests: User Admin Routes (/api/admin/users)","User Group Management","DELETE /api/admin/users/:username"],"duration":53,"failureDetails":[],"failureMessages":[],"fullName":"Integration Tests: User Admin Routes (/api/admin/users) User Group Management DELETE /api/admin/users/:username should return 500 if service fails unexpectedly","invocations":1,"location":null,"numPassingAsserts":1,"retryReasons":[],"status":"passed","title":"should return 500 if service fails unexpectedly"}],"endTime":1771844450705,"message":"\u001b[1m\u001b[31m  \u001b[1m● \u001b[22m\u001b[1mIntegration Tests: User Admin Routes (/api/admin/users) › Authentication Guard › should allow access with the correct test bypass token\u001b[39m\u001b[22m\n\n    expected 200 \"OK\", got 500 \"Internal Server Error\"\n\u001b[2m\u001b[22m\n\u001b[2m    \u001b[0m \u001b[90m 234 |\u001b[39m                 \u001b[33m.\u001b[39m\u001b[36mget\u001b[39m(\u001b[32m'/api/admin/users'\u001b[39m)\u001b[22m\n\u001b[2m     \u001b[90m 235 |\u001b[39m                 \u001b[33m.\u001b[39m\u001b[36mset\u001b[39m(\u001b[32m'Authorization'\u001b[39m\u001b[33m,\u001b[39m \u001b[33mTEST_ADMIN_TOKEN\u001b[39m)\u001b[22m\n\u001b[2m    \u001b[31m\u001b[1m>\u001b[22m\u001b[2m\u001b[39m\u001b[90m 236 |\u001b[39m                 \u001b[33m.\u001b[39mexpect(\u001b[33mHttpStatusCode\u001b[39m\u001b[33m.\u001b[39m\u001b[33mOK\u001b[39m)\u001b[33m;\u001b[39m \u001b[90m// 200\u001b[39m\u001b[22m\n\u001b[2m     \u001b[90m     |\u001b[39m                  \u001b[31m\u001b[1m^\u001b[22m\u001b[2m\u001b[39m\u001b[22m\n\u001b[2m     \u001b[90m 237 |\u001b[39m         })\u001b[33m;\u001b[39m\u001b[22m\n\u001b[2m     \u001b[90m 238 |\u001b[39m     })\u001b[33m;\u001b[39m\u001b[22m\n\u001b[2m     \u001b[90m 239 |\u001b[39m     \u001b[90m// --- POST Create User ---\u001b[39m\u001b[0m\u001b[22m\n\u001b[2m\u001b[22m\n\u001b[2m      \u001b[2mat \u001b[22m\u001b[2m\u001b[0m\u001b[36mtests/integration/routes/user.admin.routes.integration.spec.ts\u001b[39m\u001b[0m\u001b[2m:236:18\u001b[22m\u001b[2m\u001b[22m\n\u001b[2m      \u001b[2mat \u001b[22m\u001b[2m\u001b[0m\u001b[36mtests/integration/routes/user.admin.routes.integration.spec.ts\u001b[39m\u001b[0m\u001b[2m:9:71\u001b[22m\u001b[2m\u001b[22m\n\u001b[2m      \u001b[2mat Object.<anonymous>.__awaiter (\u001b[22m\u001b[2m\u001b[0m\u001b[36mtests/integration/routes/user.admin.routes.integration.spec.ts\u001b[39m\u001b[0m\u001b[2m:5:12)\u001b[22m\u001b[2m\u001b[22m\n\u001b[2m      \u001b[2mat Object.<anonymous> (\u001b[22m\u001b[2m\u001b[0m\u001b[36mtests/integration/routes/user.admin.routes.integration.spec.ts\u001b[39m\u001b[0m\u001b[2m:231:81)\u001b[22m\u001b[2m\u001b[22m\n\u001b[2m      ----\u001b[22m\n\u001b[2m      \u001b[2mat Test._assertStatus (\u001b[22m\u001b[2mnode_modules/.pnpm/supertest@7.1.4/node_modules/supertest/lib/test.js\u001b[2m:309:14)\u001b[22m\u001b[2m\u001b[22m\n\u001b[2m      \u001b[2mat \u001b[22m\u001b[2mnode_modules/.pnpm/supertest@7.1.4/node_modules/supertest/lib/test.js\u001b[2m:365:13\u001b[22m\u001b[2m\u001b[22m\n\u001b[2m      \u001b[2mat Test._assertFunction (\u001b[22m\u001b[2mnode_modules/.pnpm/supertest@7.1.4/node_modules/supertest/lib/test.js\u001b[2m:342:13)\u001b[22m\u001b[2m\u001b[22m\n\u001b[2m      \u001b[2mat Test.assert (\u001b[22m\u001b[2mnode_modules/.pnpm/supertest@7.1.4/node_modules/supertest/lib/test.js\u001b[2m:195:23)\u001b[22m\u001b[2m\u001b[22m\n\u001b[2m      \u001b[2mat localAssert (\u001b[22m\u001b[2mnode_modules/.pnpm/supertest@7.1.4/node_modules/supertest/lib/test.js\u001b[2m:138:14)\u001b[22m\u001b[2m\u001b[22m\n\u001b[2m      \u001b[2mat Server.<anonymous> (\u001b[22m\u001b[2mnode_modules/.pnpm/supertest@7.1.4/node_modules/supertest/lib/test.js\u001b[2m:152:11)\u001b[22m\u001b[2m\u001b[22m\n\n\u001b[1m\u001b[31m  \u001b[1m● \u001b[22m\u001b[1mIntegration Tests: User Admin Routes (/api/admin/users) › POST /api/admin/users › should return 400 Bad Request if validation fails\u001b[39m\u001b[22m\n\n    expected 400 \"Bad Request\", got 201 \"Created\"\n\u001b[2m\u001b[22m\n\u001b[2m    \u001b[0m \u001b[90m 275 |\u001b[39m                 \u001b[33m.\u001b[39m\u001b[36mset\u001b[39m(\u001b[33mMOCK_AUTH_HEADER\u001b[39m)\u001b[22m\n\u001b[2m     \u001b[90m 276 |\u001b[39m                 \u001b[33m.\u001b[39msend(invalidPayload)\u001b[22m\n\u001b[2m    \u001b[31m\u001b[1m>\u001b[22m\u001b[2m\u001b[39m\u001b[90m 277 |\u001b[39m                 \u001b[33m.\u001b[39mexpect(\u001b[33mHttpStatusCode\u001b[39m\u001b[33m.\u001b[39m\u001b[33mBAD_REQUEST\u001b[39m)\u001b[33m;\u001b[39m \u001b[90m// 400\u001b[39m\u001b[22m\n\u001b[2m     \u001b[90m     |\u001b[39m                  \u001b[31m\u001b[1m^\u001b[22m\u001b[2m\u001b[39m\u001b[22m\n\u001b[2m     \u001b[90m 278 |\u001b[39m             expect(mockUserAdminService\u001b[33m.\u001b[39mcreateUser)\u001b[33m.\u001b[39mnot\u001b[33m.\u001b[39mtoHaveBeenCalled()\u001b[33m;\u001b[39m\u001b[22m\n\u001b[2m     \u001b[90m 279 |\u001b[39m         })\u001b[33m;\u001b[39m\u001b[22m\n\u001b[2m     \u001b[90m 280 |\u001b[39m\u001b[0m\u001b[22m\n\u001b[2m\u001b[22m\n\u001b[2m      \u001b[2mat \u001b[22m\u001b[2m\u001b[0m\u001b[36mtests/integration/routes/user.admin.routes.integration.spec.ts\u001b[39m\u001b[0m\u001b[2m:277:18\u001b[22m\u001b[2m\u001b[22m\n\u001b[2m      \u001b[2mat \u001b[22m\u001b[2m\u001b[0m\u001b[36mtests/integration/routes/user.admin.routes.integration.spec.ts\u001b[39m\u001b[0m\u001b[2m:9:71\u001b[22m\u001b[2m\u001b[22m\n\u001b[2m      \u001b[2mat Object.<anonymous>.__awaiter (\u001b[22m\u001b[2m\u001b[0m\u001b[36mtests/integration/routes/user.admin.routes.integration.spec.ts\u001b[39m\u001b[0m\u001b[2m:5:12)\u001b[22m\u001b[2m\u001b[22m\n\u001b[2m      \u001b[2mat Object.<anonymous> (\u001b[22m\u001b[2m\u001b[0m\u001b[36mtests/integration/routes/user.admin.routes.integration.spec.ts\u001b[39m\u001b[0m\u001b[2m:271:76)\u001b[22m\u001b[2m\u001b[22m\n\u001b[2m      ----\u001b[22m\n\u001b[2m      \u001b[2mat Test._assertStatus (\u001b[22m\u001b[2mnode_modules/.pnpm/supertest@7.1.4/node_modules/supertest/lib/test.js\u001b[2m:309:14)\u001b[22m\u001b[2m\u001b[22m\n\u001b[2m      \u001b[2mat \u001b[22m\u001b[2mnode_modules/.pnpm/supertest@7.1.4/node_modules/supertest/lib/test.js\u001b[2m:365:13\u001b[22m\u001b[2m\u001b[22m\n\u001b[2m      \u001b[2mat Test._assertFunction (\u001b[22m\u001b[2mnode_modules/.pnpm/supertest@7.1.4/node_modules/supertest/lib/test.js\u001b[2m:342:13)\u001b[22m\u001b[2m\u001b[22m\n\u001b[2m      \u001b[2mat Test.assert (\u001b[22m\u001b[2mnode_modules/.pnpm/supertest@7.1.4/node_modules/supertest/lib/test.js\u001b[2m:195:23)\u001b[22m\u001b[2m\u001b[22m\n\u001b[2m      \u001b[2mat localAssert (\u001b[22m\u001b[2mnode_modules/.pnpm/supertest@7.1.4/node_modules/supertest/lib/test.js\u001b[2m:138:14)\u001b[22m\u001b[2m\u001b[22m\n\u001b[2m      \u001b[2mat Server.<anonymous> (\u001b[22m\u001b[2mnode_modules/.pnpm/supertest@7.1.4/node_modules/supertest/lib/test.js\u001b[2m:152:11)\u001b[22m\u001b[2m\u001b[22m\n\n\u001b[1m\u001b[31m  \u001b[1m● \u001b[22m\u001b[1mIntegration Tests: User Admin Routes (/api/admin/users) › GET /api/admin/users › should return 200 OK with a list of users\u001b[39m\u001b[22m\n\n    expected 200 \"OK\", got 500 \"Internal Server Error\"\n\u001b[2m\u001b[22m\n\u001b[2m    \u001b[0m \u001b[90m 313 |\u001b[39m                 \u001b[33m.\u001b[39m\u001b[36mget\u001b[39m(\u001b[32m'/api/admin/users'\u001b[39m)\u001b[22m\n\u001b[2m     \u001b[90m 314 |\u001b[39m                 \u001b[33m.\u001b[39m\u001b[36mset\u001b[39m(\u001b[33mMOCK_AUTH_HEADER\u001b[39m)\u001b[22m\n\u001b[2m    \u001b[31m\u001b[1m>\u001b[22m\u001b[2m\u001b[39m\u001b[90m 315 |\u001b[39m                 \u001b[33m.\u001b[39mexpect(\u001b[33mHttpStatusCode\u001b[39m\u001b[33m.\u001b[39m\u001b[33mOK\u001b[39m)\u001b[33m;\u001b[39m \u001b[90m// 200\u001b[39m\u001b[22m\n\u001b[2m     \u001b[90m     |\u001b[39m                  \u001b[31m\u001b[1m^\u001b[22m\u001b[2m\u001b[39m\u001b[22m\n\u001b[2m     \u001b[90m 316 |\u001b[39m             expect(mockUserAdminService\u001b[33m.\u001b[39mlistUsers)\u001b[33m.\u001b[39mtoHaveBeenCalledTimes(\u001b[35m1\u001b[39m)\u001b[33m;\u001b[39m\u001b[22m\n\u001b[2m     \u001b[90m 317 |\u001b[39m         })\u001b[33m;\u001b[39m\u001b[22m\n\u001b[2m     \u001b[90m 318 |\u001b[39m\u001b[0m\u001b[22m\n\u001b[2m\u001b[22m\n\u001b[2m      \u001b[2mat \u001b[22m\u001b[2m\u001b[0m\u001b[36mtests/integration/routes/user.admin.routes.integration.spec.ts\u001b[39m\u001b[0m\u001b[2m:315:18\u001b[22m\u001b[2m\u001b[22m\n\u001b[2m      \u001b[2mat \u001b[22m\u001b[2m\u001b[0m\u001b[36mtests/integration/routes/user.admin.routes.integration.spec.ts\u001b[39m\u001b[0m\u001b[2m:9:71\u001b[22m\u001b[2m\u001b[22m\n\u001b[2m      \u001b[2mat Object.<anonymous>.__awaiter (\u001b[22m\u001b[2m\u001b[0m\u001b[36mtests/integration/routes/user.admin.routes.integration.spec.ts\u001b[39m\u001b[0m\u001b[2m:5:12)\u001b[22m\u001b[2m\u001b[22m\n\u001b[2m      \u001b[2mat Object.<anonymous> (\u001b[22m\u001b[2m\u001b[0m\u001b[36mtests/integration/routes/user.admin.routes.integration.spec.ts\u001b[39m\u001b[0m\u001b[2m:306:68)\u001b[22m\u001b[2m\u001b[22m\n\u001b[2m      ----\u001b[22m\n\u001b[2m      \u001b[2mat Test._assertStatus (\u001b[22m\u001b[2mnode_modules/.pnpm/supertest@7.1.4/node_modules/supertest/lib/test.js\u001b[2m:309:14)\u001b[22m\u001b[2m\u001b[22m\n\u001b[2m      \u001b[2mat \u001b[22m\u001b[2mnode_modules/.pnpm/supertest@7.1.4/node_modules/supertest/lib/test.js\u001b[2m:365:13\u001b[22m\u001b[2m\u001b[22m\n\u001b[2m      \u001b[2mat Test._assertFunction (\u001b[22m\u001b[2mnode_modules/.pnpm/supertest@7.1.4/node_modules/supertest/lib/test.js\u001b[2m:342:13)\u001b[22m\u001b[2m\u001b[22m\n\u001b[2m      \u001b[2mat Test.assert (\u001b[22m\u001b[2mnode_modules/.pnpm/supertest@7.1.4/node_modules/supertest/lib/test.js\u001b[2m:195:23)\u001b[22m\u001b[2m\u001b[22m\n\u001b[2m      \u001b[2mat localAssert (\u001b[22m\u001b[2mnode_modules/.pnpm/supertest@7.1.4/node_modules/supertest/lib/test.js\u001b[2m:138:14)\u001b[22m\u001b[2m\u001b[22m\n\u001b[2m      \u001b[2mat Server.<anonymous> (\u001b[22m\u001b[2mnode_modules/.pnpm/supertest@7.1.4/node_modules/supertest/lib/test.js\u001b[2m:152:11)\u001b[22m\u001b[2m\u001b[22m\n\n\u001b[1m\u001b[31m  \u001b[1m● \u001b[22m\u001b[1mIntegration Tests: User Admin Routes (/api/admin/users) › GET /api/admin/users › should pass query parameters to the service\u001b[39m\u001b[22m\n\n    expected 200 \"OK\", got 500 \"Internal Server Error\"\n\u001b[2m\u001b[22m\n\u001b[2m    \u001b[0m \u001b[90m 323 |\u001b[39m                 \u001b[33m.\u001b[39mquery({ limit\u001b[33m:\u001b[39m \u001b[35m5\u001b[39m\u001b[33m,\u001b[39m filter\u001b[33m:\u001b[39m \u001b[32m'status=\"Enabled\"'\u001b[39m\u001b[33m,\u001b[39m paginationToken\u001b[33m:\u001b[39m \u001b[32m'prev'\u001b[39m })\u001b[22m\n\u001b[2m     \u001b[90m 324 |\u001b[39m                 \u001b[33m.\u001b[39m\u001b[36mset\u001b[39m(\u001b[33mMOCK_AUTH_HEADER\u001b[39m)\u001b[22m\n\u001b[2m    \u001b[31m\u001b[1m>\u001b[22m\u001b[2m\u001b[39m\u001b[90m 325 |\u001b[39m                 \u001b[33m.\u001b[39mexpect(\u001b[33mHttpStatusCode\u001b[39m\u001b[33m.\u001b[39m\u001b[33mOK\u001b[39m)\u001b[33m;\u001b[39m\u001b[22m\n\u001b[2m     \u001b[90m     |\u001b[39m                  \u001b[31m\u001b[1m^\u001b[22m\u001b[2m\u001b[39m\u001b[22m\n\u001b[2m     \u001b[90m 326 |\u001b[39m             expect(mockUserAdminService\u001b[33m.\u001b[39mlistUsers)\u001b[33m.\u001b[39mtoHaveBeenCalledWith(expect\u001b[33m.\u001b[39manything()\u001b[33m,\u001b[39m { limit\u001b[33m:\u001b[39m \u001b[35m5\u001b[39m\u001b[33m,\u001b[39m filter\u001b[33m:\u001b[39m \u001b[32m'status=\"Enabled\"'\u001b[39m\u001b[33m,\u001b[39m paginationToken\u001b[33m:\u001b[39m \u001b[32m'prev'\u001b[39m })\u001b[33m;\u001b[39m\u001b[22m\n\u001b[2m     \u001b[90m 327 |\u001b[39m         })\u001b[33m;\u001b[39m\u001b[22m\n\u001b[2m     \u001b[90m 328 |\u001b[39m\u001b[0m\u001b[22m\n\u001b[2m\u001b[22m\n\u001b[2m      \u001b[2mat \u001b[22m\u001b[2m\u001b[0m\u001b[36mtests/integration/routes/user.admin.routes.integration.spec.ts\u001b[39m\u001b[0m\u001b[2m:325:18\u001b[22m\u001b[2m\u001b[22m\n\u001b[2m      \u001b[2mat \u001b[22m\u001b[2m\u001b[0m\u001b[36mtests/integration/routes/user.admin.routes.integration.spec.ts\u001b[39m\u001b[0m\u001b[2m:9:71\u001b[22m\u001b[2m\u001b[22m\n\u001b[2m      \u001b[2mat Object.<anonymous>.__awaiter (\u001b[22m\u001b[2m\u001b[0m\u001b[36mtests/integration/routes/user.admin.routes.integration.spec.ts\u001b[39m\u001b[0m\u001b[2m:5:12)\u001b[22m\u001b[2m\u001b[22m\n\u001b[2m      \u001b[2mat Object.<anonymous> (\u001b[22m\u001b[2m\u001b[0m\u001b[36mtests/integration/routes/user.admin.routes.integration.spec.ts\u001b[39m\u001b[0m\u001b[2m:319:70)\u001b[22m\u001b[2m\u001b[22m\n\u001b[2m      ----\u001b[22m\n\u001b[2m      \u001b[2mat Test._assertStatus (\u001b[22m\u001b[2mnode_modules/.pnpm/supertest@7.1.4/node_modules/supertest/lib/test.js\u001b[2m:309:14)\u001b[22m\u001b[2m\u001b[22m\n\u001b[2m      \u001b[2mat \u001b[22m\u001b[2mnode_modules/.pnpm/supertest@7.1.4/node_modules/supertest/lib/test.js\u001b[2m:365:13\u001b[22m\u001b[2m\u001b[22m\n\u001b[2m      \u001b[2mat Test._assertFunction (\u001b[22m\u001b[2mnode_modules/.pnpm/supertest@7.1.4/node_modules/supertest/lib/test.js\u001b[2m:342:13)\u001b[22m\u001b[2m\u001b[22m\n\u001b[2m      \u001b[2mat Test.assert (\u001b[22m\u001b[2mnode_modules/.pnpm/supertest@7.1.4/node_modules/supertest/lib/test.js\u001b[2m:195:23)\u001b[22m\u001b[2m\u001b[22m\n\u001b[2m      \u001b[2mat localAssert (\u001b[22m\u001b[2mnode_modules/.pnpm/supertest@7.1.4/node_modules/supertest/lib/test.js\u001b[2m:138:14)\u001b[22m\u001b[2m\u001b[22m\n\u001b[2m      \u001b[2mat Server.<anonymous> (\u001b[22m\u001b[2mnode_modules/.pnpm/supertest@7.1.4/node_modules/supertest/lib/test.js\u001b[2m:152:11)\u001b[22m\u001b[2m\u001b[22m\n\n\u001b[1m\u001b[31m  \u001b[1m● \u001b[22m\u001b[1mIntegration Tests: User Admin Routes (/api/admin/users) › GET /api/admin/users › should return 500 if the service fails unexpectedly\u001b[39m\u001b[22m\n\n    \u001b[2mexpect(\u001b[22m\u001b[31mjest.fn()\u001b[39m\u001b[2m).\u001b[22mtoHaveBeenCalledTimes\u001b[2m(\u001b[22m\u001b[32mexpected\u001b[39m\u001b[2m)\u001b[22m\n\n    Expected number of calls: \u001b[32m1\u001b[39m\n    Received number of calls: \u001b[31m0\u001b[39m\n\u001b[2m\u001b[22m\n\u001b[2m    \u001b[0m \u001b[90m 334 |\u001b[39m                 \u001b[33m.\u001b[39m\u001b[36mset\u001b[39m(\u001b[33mMOCK_AUTH_HEADER\u001b[39m)\u001b[22m\n\u001b[2m     \u001b[90m 335 |\u001b[39m                 \u001b[33m.\u001b[39mexpect(\u001b[33mHttpStatusCode\u001b[39m\u001b[33m.\u001b[39m\u001b[33mINTERNAL_SERVER_ERROR\u001b[39m)\u001b[33m;\u001b[39m \u001b[90m// 500\u001b[39m\u001b[22m\n\u001b[2m    \u001b[31m\u001b[1m>\u001b[22m\u001b[2m\u001b[39m\u001b[90m 336 |\u001b[39m             expect(mockUserAdminService\u001b[33m.\u001b[39mlistUsers)\u001b[33m.\u001b[39mtoHaveBeenCalledTimes(\u001b[35m1\u001b[39m)\u001b[33m;\u001b[39m\u001b[22m\n\u001b[2m     \u001b[90m     |\u001b[39m                                                    \u001b[31m\u001b[1m^\u001b[22m\u001b[2m\u001b[39m\u001b[22m\n\u001b[2m     \u001b[90m 337 |\u001b[39m         })\u001b[33m;\u001b[39m\u001b[22m\n\u001b[2m     \u001b[90m 338 |\u001b[39m     })\u001b[33m;\u001b[39m\u001b[22m\n\u001b[2m     \u001b[90m 339 |\u001b[39m\u001b[0m\u001b[22m\n\u001b[2m\u001b[22m\n\u001b[2m      \u001b[2mat \u001b[22m\u001b[2m\u001b[0m\u001b[36mtests/integration/routes/user.admin.routes.integration.spec.ts\u001b[39m\u001b[0m\u001b[2m:336:52\u001b[22m\u001b[2m\u001b[22m\n\u001b[2m      \u001b[2mat fulfilled (\u001b[22m\u001b[2m\u001b[0m\u001b[36mtests/integration/routes/user.admin.routes.integration.spec.ts\u001b[39m\u001b[0m\u001b[2m:6:58)\u001b[22m\u001b[2m\u001b[22m\n\n\u001b[1m\u001b[31m  \u001b[1m● \u001b[22m\u001b[1mIntegration Tests: User Admin Routes (/api/admin/users) › User Group Management › DELETE /api/admin/users/:username/groups/:groupName › should return 204 No Content when removing user from group\u001b[39m\u001b[22m\n\n    expected 204 \"No Content\", got 500 \"Internal Server Error\"\n\u001b[2m\u001b[22m\n\u001b[2m    \u001b[0m \u001b[90m 658 |\u001b[39m                     \u001b[33m.\u001b[39m\u001b[36mdelete\u001b[39m(\u001b[32m`/api/admin/users/${targetUsername}/groups/${testGroupName}`\u001b[39m)\u001b[22m\n\u001b[2m     \u001b[90m 659 |\u001b[39m                     \u001b[33m.\u001b[39m\u001b[36mset\u001b[39m(\u001b[33mMOCK_AUTH_HEADER\u001b[39m)\u001b[22m\n\u001b[2m    \u001b[31m\u001b[1m>\u001b[22m\u001b[2m\u001b[39m\u001b[90m 660 |\u001b[39m                     \u001b[33m.\u001b[39mexpect(\u001b[33mHttpStatusCode\u001b[39m\u001b[33m.\u001b[39m\u001b[33mNO_CONTENT\u001b[39m)\u001b[33m;\u001b[39m \u001b[90m// 204\u001b[39m\u001b[22m\n\u001b[2m     \u001b[90m     |\u001b[39m                      \u001b[31m\u001b[1m^\u001b[22m\u001b[2m\u001b[39m\u001b[22m\n\u001b[2m     \u001b[90m 661 |\u001b[39m                 expect(mockUserAdminService\u001b[33m.\u001b[39mremoveUserFromGroup)\u001b[33m.\u001b[39mtoHaveBeenCalledWith(expect\u001b[33m.\u001b[39manything()\u001b[33m,\u001b[39m targetUsername\u001b[33m,\u001b[39m testGroupName)\u001b[33m;\u001b[39m\u001b[22m\n\u001b[2m     \u001b[90m 662 |\u001b[39m             })\u001b[33m;\u001b[39m\u001b[22m\n\u001b[2m     \u001b[90m 663 |\u001b[39m\u001b[0m\u001b[22m\n\u001b[2m\u001b[22m\n\u001b[2m      \u001b[2mat \u001b[22m\u001b[2m\u001b[0m\u001b[36mtests/integration/routes/user.admin.routes.integration.spec.ts\u001b[39m\u001b[0m\u001b[2m:660:22\u001b[22m\u001b[2m\u001b[22m\n\u001b[2m      \u001b[2mat \u001b[22m\u001b[2m\u001b[0m\u001b[36mtests/integration/routes/user.admin.routes.integration.spec.ts\u001b[39m\u001b[0m\u001b[2m:9:71\u001b[22m\u001b[2m\u001b[22m\n\u001b[2m      \u001b[2mat Object.<anonymous>.__awaiter (\u001b[22m\u001b[2m\u001b[0m\u001b[36mtests/integration/routes/user.admin.routes.integration.spec.ts\u001b[39m\u001b[0m\u001b[2m:5:12)\u001b[22m\u001b[2m\u001b[22m\n\u001b[2m      \u001b[2mat Object.<anonymous> (\u001b[22m\u001b[2m\u001b[0m\u001b[36mtests/integration/routes/user.admin.routes.integration.spec.ts\u001b[39m\u001b[0m\u001b[2m:655:89)\u001b[22m\u001b[2m\u001b[22m\n\u001b[2m      ----\u001b[22m\n\u001b[2m      \u001b[2mat Test._assertStatus (\u001b[22m\u001b[2mnode_modules/.pnpm/supertest@7.1.4/node_modules/supertest/lib/test.js\u001b[2m:309:14)\u001b[22m\u001b[2m\u001b[22m\n\u001b[2m      \u001b[2mat \u001b[22m\u001b[2mnode_modules/.pnpm/supertest@7.1.4/node_modules/supertest/lib/test.js\u001b[2m:365:13\u001b[22m\u001b[2m\u001b[22m\n\u001b[2m      \u001b[2mat Test._assertFunction (\u001b[22m\u001b[2mnode_modules/.pnpm/supertest@7.1.4/node_modules/supertest/lib/test.js\u001b[2m:342:13)\u001b[22m\u001b[2m\u001b[22m\n\u001b[2m      \u001b[2mat Test.assert (\u001b[22m\u001b[2mnode_modules/.pnpm/supertest@7.1.4/node_modules/supertest/lib/test.js\u001b[2m:195:23)\u001b[22m\u001b[2m\u001b[22m\n\u001b[2m      \u001b[2mat localAssert (\u001b[22m\u001b[2mnode_modules/.pnpm/supertest@7.1.4/node_modules/supertest/lib/test.js\u001b[2m:138:14)\u001b[22m\u001b[2m\u001b[22m\n\u001b[2m      \u001b[2mat Server.<anonymous> (\u001b[22m\u001b[2mnode_modules/.pnpm/supertest@7.1.4/node_modules/supertest/lib/test.js\u001b[2m:152:11)\u001b[22m\u001b[2m\u001b[22m\n\n\u001b[1m\u001b[31m  \u001b[1m● \u001b[22m\u001b[1mIntegration Tests: User Admin Routes (/api/admin/users) › User Group Management › DELETE /api/admin/users/:username/groups/:groupName › should return 404 if user/group not found (via service error)\u001b[39m\u001b[22m\n\n    expected 404 \"Not Found\", got 500 \"Internal Server Error\"\n\u001b[2m\u001b[22m\n\u001b[2m    \u001b[0m \u001b[90m 668 |\u001b[39m                     \u001b[33m.\u001b[39m\u001b[36mdelete\u001b[39m(\u001b[32m`/api/admin/users/${targetUsername}/groups/${testGroupName}`\u001b[39m)\u001b[22m\n\u001b[2m     \u001b[90m 669 |\u001b[39m                     \u001b[33m.\u001b[39m\u001b[36mset\u001b[39m(\u001b[33mMOCK_AUTH_HEADER\u001b[39m)\u001b[22m\n\u001b[2m    \u001b[31m\u001b[1m>\u001b[22m\u001b[2m\u001b[39m\u001b[90m 670 |\u001b[39m                     \u001b[33m.\u001b[39mexpect(\u001b[33mHttpStatusCode\u001b[39m\u001b[33m.\u001b[39m\u001b[33mNOT_FOUND\u001b[39m)\u001b[33m;\u001b[39m \u001b[90m// 404\u001b[39m\u001b[22m\n\u001b[2m     \u001b[90m     |\u001b[39m                      \u001b[31m\u001b[1m^\u001b[22m\u001b[2m\u001b[39m\u001b[22m\n\u001b[2m     \u001b[90m 671 |\u001b[39m                 expect(mockUserAdminService\u001b[33m.\u001b[39mremoveUserFromGroup)\u001b[33m.\u001b[39mtoHaveBeenCalledTimes(\u001b[35m1\u001b[39m)\u001b[33m;\u001b[39m\u001b[22m\n\u001b[2m     \u001b[90m 672 |\u001b[39m\u001b[22m\n\u001b[2m     \u001b[90m 673 |\u001b[39m\u001b[0m\u001b[22m\n\u001b[2m\u001b[22m\n\u001b[2m      \u001b[2mat \u001b[22m\u001b[2m\u001b[0m\u001b[36mtests/integration/routes/user.admin.routes.integration.spec.ts\u001b[39m\u001b[0m\u001b[2m:670:22\u001b[22m\u001b[2m\u001b[22m\n\u001b[2m      \u001b[2mat \u001b[22m\u001b[2m\u001b[0m\u001b[36mtests/integration/routes/user.admin.routes.integration.spec.ts\u001b[39m\u001b[0m\u001b[2m:9:71\u001b[22m\u001b[2m\u001b[22m\n\u001b[2m      \u001b[2mat Object.<anonymous>.__awaiter (\u001b[22m\u001b[2m\u001b[0m\u001b[36mtests/integration/routes/user.admin.routes.integration.spec.ts\u001b[39m\u001b[0m\u001b[2m:5:12)\u001b[22m\u001b[2m\u001b[22m\n\u001b[2m      \u001b[2mat Object.<anonymous> (\u001b[22m\u001b[2m\u001b[0m\u001b[36mtests/integration/routes/user.admin.routes.integration.spec.ts\u001b[39m\u001b[0m\u001b[2m:664:92)\u001b[22m\u001b[2m\u001b[22m\n\u001b[2m      ----\u001b[22m\n\u001b[2m      \u001b[2mat Test._assertStatus (\u001b[22m\u001b[2mnode_modules/.pnpm/supertest@7.1.4/node_modules/supertest/lib/test.js\u001b[2m:309:14)\u001b[22m\u001b[2m\u001b[22m\n\u001b[2m      \u001b[2mat \u001b[22m\u001b[2mnode_modules/.pnpm/supertest@7.1.4/node_modules/supertest/lib/test.js\u001b[2m:365:13\u001b[22m\u001b[2m\u001b[22m\n\u001b[2m      \u001b[2mat Test._assertFunction (\u001b[22m\u001b[2mnode_modules/.pnpm/supertest@7.1.4/node_modules/supertest/lib/test.js\u001b[2m:342:13)\u001b[22m\u001b[2m\u001b[22m\n\u001b[2m      \u001b[2mat Test.assert (\u001b[22m\u001b[2mnode_modules/.pnpm/supertest@7.1.4/node_modules/supertest/lib/test.js\u001b[2m:195:23)\u001b[22m\u001b[2m\u001b[22m\n\u001b[2m      \u001b[2mat localAssert (\u001b[22m\u001b[2mnode_modules/.pnpm/supertest@7.1.4/node_modules/supertest/lib/test.js\u001b[2m:138:14)\u001b[22m\u001b[2m\u001b[22m\n\u001b[2m      \u001b[2mat Server.<anonymous> (\u001b[22m\u001b[2mnode_modules/.pnpm/supertest@7.1.4/node_modules/supertest/lib/test.js\u001b[2m:152:11)\u001b[22m\u001b[2m\u001b[22m\n","name":"E:\\NodeJS\\PBAC_Auth\\user-management-service\\tests\\integration\\routes\\user.admin.routes.integration.spec.ts","startTime":1771844397935,"status":"failed","summary":""},{"assertionResults":[{"ancestorTitles":["User Admin E2E"],"duration":459,"failureDetails":[{"matcherResult":{"message":"\u001b[2mexpect(\u001b[22m\u001b[31mjest.fn()\u001b[39m\u001b[2m).\u001b[22mtoHaveBeenCalledWith\u001b[2m(\u001b[22m\u001b[32m...expected\u001b[39m\u001b[2m)\u001b[22m\n\nExpected: \u001b[32mAny<String>\u001b[39m, \u001b[32m{\"temporaryPassword\": \"Password123!\", \"userAttributes\": {\"email\": \"test-user-1771844448911@example.com\", \"name\": \"Test User\"}, \"username\": \"test-user-1771844448911\"}\u001b[39m\nReceived: \u001b[31m{\"body\": {\"temporaryPassword\": \"Password123!\", \"userAttributes\": {\"email\": \"test-user-1771844448911@example.com\", \"name\": \"Test User\"}, \"username\": \"test-user-1771844448911\"}}\u001b[39m\n\nNumber of calls: \u001b[31m1\u001b[39m","pass":false}}],"failureMessages":["Error: \u001b[2mexpect(\u001b[22m\u001b[31mjest.fn()\u001b[39m\u001b[2m).\u001b[22mtoHaveBeenCalledWith\u001b[2m(\u001b[22m\u001b[32m...expected\u001b[39m\u001b[2m)\u001b[22m\n\nExpected: \u001b[32mAny<String>\u001b[39m, \u001b[32m{\"temporaryPassword\": \"Password123!\", \"userAttributes\": {\"email\": \"test-user-1771844448911@example.com\", \"name\": \"Test User\"}, \"username\": \"test-user-1771844448911\"}\u001b[39m\nReceived: \u001b[31m{\"body\": {\"temporaryPassword\": \"Password123!\", \"userAttributes\": {\"email\": \"test-user-1771844448911@example.com\", \"name\": \"Test User\"}, \"username\": \"test-user-1771844448911\"}}\u001b[39m\n\nNumber of calls: \u001b[31m1\u001b[39m\n    at E:\\NodeJS\\PBAC_Auth\\user-management-service\\tests\\e2e\\user.admin.e2e.spec.ts:55:53\n    at Generator.next (<anonymous>)\n    at fulfilled (E:\\NodeJS\\PBAC_Auth\\user-management-service\\tests\\e2e\\user.admin.e2e.spec.ts:5:58)\n    at processTicksAndRejections (node:internal/process/task_queues:105:5)"],"fullName":"User Admin E2E should create a new user","invocations":1,"location":null,"numPassingAsserts":2,"retryReasons":[],"status":"failed","title":"should create a new user"},{"ancestorTitles":["User Admin E2E"],"duration":90,"failureDetails":[{"matcherResult":{"message":"\u001b[2mexpect(\u001b[22m\u001b[31mjest.fn()\u001b[39m\u001b[2m).\u001b[22mtoHaveBeenCalledWith\u001b[2m(\u001b[22m\u001b[32m...expected\u001b[39m\u001b[2m)\u001b[22m\n\nExpected: \u001b[32mAny<String>\u001b[39m, \u001b[32m\"test-user-1771844448911\"\u001b[39m\nReceived: \u001b[2m\"test-user-1771844448911\"\u001b[22m\n\nNumber of calls: \u001b[31m1\u001b[39m","pass":false}}],"failureMessages":["Error: \u001b[2mexpect(\u001b[22m\u001b[31mjest.fn()\u001b[39m\u001b[2m).\u001b[22mtoHaveBeenCalledWith\u001b[2m(\u001b[22m\u001b[32m...expected\u001b[39m\u001b[2m)\u001b[22m\n\nExpected: \u001b[32mAny<String>\u001b[39m, \u001b[32m\"test-user-1771844448911\"\u001b[39m\nReceived: \u001b[2m\"test-user-1771844448911\"\u001b[22m\n\nNumber of calls: \u001b[31m1\u001b[39m\n    at E:\\NodeJS\\PBAC_Auth\\user-management-service\\tests\\e2e\\user.admin.e2e.spec.ts:68:50\n    at Generator.next (<anonymous>)\n    at fulfilled (E:\\NodeJS\\PBAC_Auth\\user-management-service\\tests\\e2e\\user.admin.e2e.spec.ts:5:58)\n    at processTicksAndRejections (node:internal/process/task_queues:105:5)"],"fullName":"User Admin E2E should get the created user","invocations":1,"location":null,"numPassingAsserts":1,"retryReasons":[],"status":"failed","title":"should get the created user"},{"ancestorTitles":["User Admin E2E"],"duration":69,"failureDetails":[{}],"failureMessages":["Error: expected 204 \"No Content\", got 404 \"Not Found\"\n    at E:\\NodeJS\\PBAC_Auth\\user-management-service\\tests\\e2e\\user.admin.e2e.spec.ts:83:14\n    at Generator.next (<anonymous>)\n    at E:\\NodeJS\\PBAC_Auth\\user-management-service\\tests\\e2e\\user.admin.e2e.spec.ts:8:71\n    at new Promise (<anonymous>)\n    at Object.<anonymous>.__awaiter (E:\\NodeJS\\PBAC_Auth\\user-management-service\\tests\\e2e\\user.admin.e2e.spec.ts:4:12)\n    at Object.<anonymous> (E:\\NodeJS\\PBAC_Auth\\user-management-service\\tests\\e2e\\user.admin.e2e.spec.ts:71:56)\n    at Promise.then.completed (E:\\NodeJS\\PBAC_Auth\\user-management-service\\node_modules\\.pnpm\\jest-circus@29.7.0\\node_modules\\jest-circus\\build\\utils.js:298:28)\n    at new Promise (<anonymous>)\n    at callAsyncCircusFn (E:\\NodeJS\\PBAC_Auth\\user-management-service\\node_modules\\.pnpm\\jest-circus@29.7.0\\node_modules\\jest-circus\\build\\utils.js:231:10)\n    at _callCircusTest (E:\\NodeJS\\PBAC_Auth\\user-management-service\\node_modules\\.pnpm\\jest-circus@29.7.0\\node_modules\\jest-circus\\build\\run.js:316:40)\n    at processTicksAndRejections (node:internal/process/task_queues:105:5)\n    at _runTest (E:\\NodeJS\\PBAC_Auth\\user-management-service\\node_modules\\.pnpm\\jest-circus@29.7.0\\node_modules\\jest-circus\\build\\run.js:252:3)\n    at _runTestsForDescribeBlock (E:\\NodeJS\\PBAC_Auth\\user-management-service\\node_modules\\.pnpm\\jest-circus@29.7.0\\node_modules\\jest-circus\\build\\run.js:126:9)\n    at _runTestsForDescribeBlock (E:\\NodeJS\\PBAC_Auth\\user-management-service\\node_modules\\.pnpm\\jest-circus@29.7.0\\node_modules\\jest-circus\\build\\run.js:121:9)\n    at run (E:\\NodeJS\\PBAC_Auth\\user-management-service\\node_modules\\.pnpm\\jest-circus@29.7.0\\node_modules\\jest-circus\\build\\run.js:71:3)\n    at runAndTransformResultsToJestFormat (E:\\NodeJS\\PBAC_Auth\\user-management-service\\node_modules\\.pnpm\\jest-circus@29.7.0\\node_modules\\jest-circus\\build\\legacy-code-todo-rewrite\\jestAdapterInit.js:122:21)\n    at jestAdapter (E:\\NodeJS\\PBAC_Auth\\user-management-service\\node_modules\\.pnpm\\jest-circus@29.7.0\\node_modules\\jest-circus\\build\\legacy-code-todo-rewrite\\jestAdapter.js:79:19)\n    at runTestInternal (E:\\NodeJS\\PBAC_Auth\\user-management-service\\node_modules\\.pnpm\\jest-runner@29.7.0\\node_modules\\jest-runner\\build\\runTest.js:367:16)\n    at runTest (E:\\NodeJS\\PBAC_Auth\\user-management-service\\node_modules\\.pnpm\\jest-runner@29.7.0\\node_modules\\jest-runner\\build\\runTest.js:444:34)\n    at Object.worker (E:\\NodeJS\\PBAC_Auth\\user-management-service\\node_modules\\.pnpm\\jest-runner@29.7.0\\node_modules\\jest-runner\\build\\testWorker.js:108:12)\n----\n    at Test._assertStatus (E:\\NodeJS\\PBAC_Auth\\user-management-service\\node_modules\\.pnpm\\supertest@7.1.4\\node_modules\\supertest\\lib\\test.js:309:14)\n    at E:\\NodeJS\\PBAC_Auth\\user-management-service\\node_modules\\.pnpm\\supertest@7.1.4\\node_modules\\supertest\\lib\\test.js:365:13\n    at Test._assertFunction (E:\\NodeJS\\PBAC_Auth\\user-management-service\\node_modules\\.pnpm\\supertest@7.1.4\\node_modules\\supertest\\lib\\test.js:342:13)\n    at Test.assert (E:\\NodeJS\\PBAC_Auth\\user-management-service\\node_modules\\.pnpm\\supertest@7.1.4\\node_modules\\supertest\\lib\\test.js:195:23)\n    at localAssert (E:\\NodeJS\\PBAC_Auth\\user-management-service\\node_modules\\.pnpm\\supertest@7.1.4\\node_modules\\supertest\\lib\\test.js:138:14)\n    at Server.<anonymous> (E:\\NodeJS\\PBAC_Auth\\user-management-service\\node_modules\\.pnpm\\supertest@7.1.4\\node_modules\\supertest\\lib\\test.js:152:11)\n    at Object.onceWrapper (node:events:633:28)\n    at Server.emit (node:events:519:28)\n    at emitCloseNT (node:net:2419:8)\n    at processTicksAndRejections (node:internal/process/task_queues:89:21)"],"fullName":"User Admin E2E should update the user attributes","invocations":1,"location":null,"numPassingAsserts":0,"retryReasons":[],"status":"failed","title":"should update the user attributes"},{"ancestorTitles":["User Admin E2E"],"duration":67,"failureDetails":[{}],"failureMessages":["Error: expected 204 \"No Content\", got 200 \"OK\"\n    at E:\\NodeJS\\PBAC_Auth\\user-management-service\\tests\\e2e\\user.admin.e2e.spec.ts:98:14\n    at Generator.next (<anonymous>)\n    at E:\\NodeJS\\PBAC_Auth\\user-management-service\\tests\\e2e\\user.admin.e2e.spec.ts:8:71\n    at new Promise (<anonymous>)\n    at Object.<anonymous>.__awaiter (E:\\NodeJS\\PBAC_Auth\\user-management-service\\tests\\e2e\\user.admin.e2e.spec.ts:4:12)\n    at Object.<anonymous> (E:\\NodeJS\\PBAC_Auth\\user-management-service\\tests\\e2e\\user.admin.e2e.spec.ts:91:51)\n    at Promise.then.completed (E:\\NodeJS\\PBAC_Auth\\user-management-service\\node_modules\\.pnpm\\jest-circus@29.7.0\\node_modules\\jest-circus\\build\\utils.js:298:28)\n    at new Promise (<anonymous>)\n    at callAsyncCircusFn (E:\\NodeJS\\PBAC_Auth\\user-management-service\\node_modules\\.pnpm\\jest-circus@29.7.0\\node_modules\\jest-circus\\build\\utils.js:231:10)\n    at _callCircusTest (E:\\NodeJS\\PBAC_Auth\\user-management-service\\node_modules\\.pnpm\\jest-circus@29.7.0\\node_modules\\jest-circus\\build\\run.js:316:40)\n    at processTicksAndRejections (node:internal/process/task_queues:105:5)\n    at _runTest (E:\\NodeJS\\PBAC_Auth\\user-management-service\\node_modules\\.pnpm\\jest-circus@29.7.0\\node_modules\\jest-circus\\build\\run.js:252:3)\n    at _runTestsForDescribeBlock (E:\\NodeJS\\PBAC_Auth\\user-management-service\\node_modules\\.pnpm\\jest-circus@29.7.0\\node_modules\\jest-circus\\build\\run.js:126:9)\n    at _runTestsForDescribeBlock (E:\\NodeJS\\PBAC_Auth\\user-management-service\\node_modules\\.pnpm\\jest-circus@29.7.0\\node_modules\\jest-circus\\build\\run.js:121:9)\n    at run (E:\\NodeJS\\PBAC_Auth\\user-management-service\\node_modules\\.pnpm\\jest-circus@29.7.0\\node_modules\\jest-circus\\build\\run.js:71:3)\n    at runAndTransformResultsToJestFormat (E:\\NodeJS\\PBAC_Auth\\user-management-service\\node_modules\\.pnpm\\jest-circus@29.7.0\\node_modules\\jest-circus\\build\\legacy-code-todo-rewrite\\jestAdapterInit.js:122:21)\n    at jestAdapter (E:\\NodeJS\\PBAC_Auth\\user-management-service\\node_modules\\.pnpm\\jest-circus@29.7.0\\node_modules\\jest-circus\\build\\legacy
[...]
reaker should not register logger events when no logger is provided","invocations":1,"location":null,"numPassingAsserts":1,"retryReasons":[],"status":"passed","title":"should not register logger events when no logger is provided"},{"ancestorTitles":["applyCircuitBreaker"],"duration":8,"failureDetails":[],"failureMessages":[],"fullName":"applyCircuitBreaker should handle fallback event correctly","invocations":1,"location":null,"numPassingAsserts":2,"retryReasons":[],"status":"passed","title":"should handle fallback event correctly"},{"ancestorTitles":["applyCircuitBreaker"],"duration":6,"failureDetails":[],"failureMessages":[],"fullName":"applyCircuitBreaker should handle unnamed functions gracefully","invocations":1,"location":null,"numPassingAsserts":2,"retryReasons":[],"status":"passed","title":"should handle unnamed functions gracefully"}],"endTime":1771844461593,"message":"","name":"E:\\NodeJS\\PBAC_Auth\\user-management-service\\tests\\unit\\infrastructure\\resilience\\applyResilience.spec.ts","startTime":1771844461074,"status":"passed","summary":""},{"assertionResults":[{"ancestorTitles":["Prometheus Metrics"],"duration":18,"failureDetails":[],"failureMessages":[],"fullName":"Prometheus Metrics should initialize a new Registry","invocations":1,"location":null,"numPassingAsserts":1,"retryReasons":[],"status":"passed","title":"should initialize a new Registry"},{"ancestorTitles":["Prometheus Metrics"],"duration":10,"failureDetails":[],"failureMessages":[],"fullName":"Prometheus Metrics should set default labels on the registry","invocations":1,"location":null,"numPassingAsserts":2,"retryReasons":[],"status":"passed","title":"should set default labels on the registry"},{"ancestorTitles":["Prometheus Metrics"],"duration":7,"failureDetails":[],"failureMessages":[],"fullName":"Prometheus Metrics should collect default metrics","invocations":1,"location":null,"numPassingAsserts":2,"retryReasons":[],"status":"passed","title":"should collect default metrics"},{"ancestorTitles":["Prometheus Metrics"],"duration":10,"failureDetails":[],"failureMessages":[],"fullName":"Prometheus Metrics should define httpRequestCounter","invocations":1,"location":null,"numPassingAsserts":2,"retryReasons":[],"status":"passed","title":"should define httpRequestCounter"},{"ancestorTitles":["Prometheus Metrics"],"duration":8,"failureDetails":[],"failureMessages":[],"fullName":"Prometheus Metrics should define httpRequestDurationMicroseconds","invocations":1,"location":null,"numPassingAsserts":2,"retryReasons":[],"status":"passed","title":"should define httpRequestDurationMicroseconds"},{"ancestorTitles":["Prometheus Metrics"],"duration":7,"failureDetails":[],"failureMessages":[],"fullName":"Prometheus Metrics should export registry and metrics for external use","invocations":1,"location":null,"numPassingAsserts":1,"retryReasons":[],"status":"passed","title":"should export registry and metrics for external use"}],"endTime":1771844461754,"message":"","name":"E:\\NodeJS\\PBAC_Auth\\user-management-service\\tests\\unit\\infrastructure\\monitoring\\metrics.spec.ts","startTime":1771844461305,"status":"passed","summary":""},{"assertionResults":[{"ancestorTitles":["WinstonLogger","initializeLogger"],"duration":17,"failureDetails":[],"failureMessages":[],"fullName":"WinstonLogger initializeLogger should initialize logger with default level and console transport","invocations":1,"location":null,"numPassingAsserts":6,"retryReasons":[],"status":"passed","title":"should initialize logger with default level and console transport"},{"ancestorTitles":["WinstonLogger","initializeLogger"],"duration":9,"failureDetails":[],"failureMessages":[],"fullName":"WinstonLogger initializeLogger should initialize logger with custom log level","invocations":1,"location":null,"numPassingAsserts":2,"retryReasons":[],"status":"passed","title":"should initialize logger with custom log level"},{"ancestorTitles":["WinstonLogger","initializeLogger"],"duration":6,"failureDetails":[],"failureMessages":[],"fullName":"WinstonLogger initializeLogger should add CloudWatch transport in production environment","invocations":1,"location":null,"numPassingAsserts":3,"retryReasons":[],"status":"passed","title":"should add CloudWatch transport in production environment"},{"ancestorTitles":["WinstonLogger","initializeLogger"],"duration":10,"failureDetails":[],"failureMessages":[],"fullName":"WinstonLogger initializeLogger should add Elasticsearch transport in production environment if host is provided","invocations":1,"location":null,"numPassingAsserts":3,"retryReasons":[],"status":"passed","title":"should add Elasticsearch transport in production environment if host is provided"},{"ancestorTitles":["WinstonLogger","initializeLogger"],"duration":4,"failureDetails":[],"failureMessages":[],"fullName":"WinstonLogger initializeLogger should not add CloudWatch or Elasticsearch transports in non-production environment","invocations":1,"location":null,"numPassingAsserts":3,"retryReasons":[],"status":"passed","title":"should not add CloudWatch or Elasticsearch transports in non-production environment"},{"ancestorTitles":["WinstonLogger","logging methods"],"duration":17,"failureDetails":[],"failureMessages":[],"fullName":"WinstonLogger logging methods info should call _logger.info","invocations":1,"location":null,"numPassingAsserts":1,"retryReasons":[],"status":"passed","title":"info should call _logger.info"},{"ancestorTitles":["WinstonLogger","logging methods"],"duration":3,"failureDetails":[],"failureMessages":[],"fullName":"WinstonLogger logging methods info should not call _logger.info if message is empty","invocations":1,"location":null,"numPassingAsserts":1,"retryReasons":[],"status":"passed","title":"info should not call _logger.info if message is empty"},{"ancestorTitles":["WinstonLogger","logging methods"],"duration":7,"failureDetails":[],"failureMessages":[],"fullName":"WinstonLogger logging methods warn should call _logger.warn","invocations":1,"location":null,"numPassingAsserts":1,"retryReasons":[],"status":"passed","title":"warn should call _logger.warn"},{"ancestorTitles":["WinstonLogger","logging methods"],"duration":3,"failureDetails":[],"failureMessages":[],"fullName":"WinstonLogger logging methods warn should not call _logger.warn if message is empty","invocations":1,"location":null,"numPassingAsserts":1,"retryReasons":[],"status":"passed","title":"warn should not call _logger.warn if message is empty"},{"ancestorTitles":["WinstonLogger","logging methods"],"duration":48,"failureDetails":[],"failureMessages":[],"fullName":"WinstonLogger logging methods error should call _logger.error with Error instance","invocations":1,"location":null,"numPassingAsserts":1,"retryReasons":[],"status":"passed","title":"error should call _logger.error with Error instance"},{"ancestorTitles":["WinstonLogger","logging methods"],"duration":7,"failureDetails":[],"failureMessages":[],"fullName":"WinstonLogger logging methods error should call _logger.error with generic error object","invocations":1,"location":null,"numPassingAsserts":1,"retryReasons":[],"status":"passed","title":"error should call _logger.error with generic error object"},{"ancestorTitles":["WinstonLogger","logging methods"],"duration":8,"failureDetails":[],"failureMessages":[],"fullName":"WinstonLogger logging methods error should not call _logger.error if message is empty","invocations":1,"location":null,"numPassingAsserts":1,"retryReasons":[],"status":"passed","title":"error should not call _logger.error if message is empty"},{"ancestorTitles":["WinstonLogger","logging methods"],"duration":5,"failureDetails":[],"failureMessages":[],"fullName":"WinstonLogger logging methods debug should call _logger.debug","invocations":1,"location":null,"numPassingAsserts":1,"retryReasons":[],"status":"passed","title":"debug should call _logger.debug"},{"ancestorTitles":["WinstonLogger","logging methods"],"duration":6,"failureDetails":[],"failureMessages":[],"fullName":"WinstonLogger logging methods debug should not call _logger.debug if message is empty","invocations":1,"location":null,"numPassingAsserts":1,"retryReasons":[],"status":"passed","title":"debug should not call _logger.debug if message is empty"}],"endTime":1771844461753,"message":"","name":"E:\\NodeJS\\PBAC_Auth\\user-management-service\\tests\\unit\\infrastructure\\logging\\WinstonLogger.spec.ts","startTime":1771844461227,"status":"passed","summary":""},{"assertionResults":[{"ancestorTitles":["CognitoUserMgmtAdapter Integration Tests"],"duration":113,"failureDetails":[],"failureMessages":[],"fullName":"CognitoUserMgmtAdapter Integration Tests should get the primary user successfully","invocations":1,"location":null,"numPassingAsserts":2,"retryReasons":[],"status":"passed","title":"should get the primary user successfully"},{"ancestorTitles":["CognitoUserMgmtAdapter Integration Tests"],"duration":504,"failureDetails":[],"failureMessages":[],"fullName":"CognitoUserMgmtAdapter Integration Tests should throw ValidationError when creating a duplicate user","invocations":1,"location":null,"numPassingAsserts":1,"retryReasons":[],"status":"passed","title":"should throw ValidationError when creating a duplicate user"},{"ancestorTitles":["CognitoUserMgmtAdapter Integration Tests"],"duration":114,"failureDetails":[],"failureMessages":[],"fullName":"CognitoUserMgmtAdapter Integration Tests should return null when getting a non-existent user","invocations":1,"location":null,"numPassingAsserts":1,"retryReasons":[],"status":"passed","title":"should return null when getting a non-existent user"},{"ancestorTitles":["CognitoUserMgmtAdapter Integration Tests"],"duration":159,"failureDetails":[],"failureMessages":[],"fullName":"CognitoUserMgmtAdapter Integration Tests should get the primary group successfully","invocations":1,"location":null,"numPassingAsserts":2,"retryReasons":[],"status":"passed","title":"should get the primary group successfully"},{"ancestorTitles":["CognitoUserMgmtAdapter Integration Tests"],"duration":223,"failureDetails":[],"failureMessages":[],"fullName":"CognitoUserMgmtAdapter Integration Tests should throw GroupExistsError when creating a duplicate group","invocations":1,"location":null,"numPassingAsserts":1,"retryReasons":[],"status":"passed","title":"should throw GroupExistsError when creating a duplicate group"},{"ancestorTitles":["CognitoUserMgmtAdapter Integration Tests"],"duration":627,"failureDetails":[],"failureMessages":[],"fullName":"CognitoUserMgmtAdapter Integration Tests should add and remove user from group","invocations":1,"location":null,"numPassingAsserts":4,"retryReasons":[],"status":"passed","title":"should add and remove user from group"},{"ancestorTitles":["CognitoUserMgmtAdapter Integration Tests"],"duration":256,"failureDetails":[],"failureMessages":[],"fullName":"CognitoUserMgmtAdapter Integration Tests should update user attributes successfully","invocations":1,"location":null,"numPassingAsserts":2,"retryReasons":[],"status":"passed","title":"should update user attributes successfully"},{"ancestorTitles":["CognitoUserMgmtAdapter Integration Tests"],"duration":598,"failureDetails":[],"failureMessages":[],"fullName":"CognitoUserMgmtAdapter Integration Tests should disable and enable a user","invocations":1,"location":null,"numPassingAsserts":4,"retryReasons":[],"status":"passed","title":"should disable and enable a user"},{"ancestorTitles":["CognitoUserMgmtAdapter Integration Tests"],"duration":278,"failureDetails":[],"failureMessages":[],"fullName":"CognitoUserMgmtAdapter Integration Tests should set a user password","invocations":1,"location":null,"numPassingAsserts":1,"retryReasons":[],"status":"passed","title":"should set a user password"},{"ancestorTitles":["CognitoUserMgmtAdapter Integration Tests"],"duration":823,"failureDetails":[],"failureMessages":[],"fullName":"CognitoUserMgmtAdapter Integration Tests should list users, groups, and users in a group","invocations":1,"location":null,"numPassingAsserts":3,"retryReasons":[],"status":"passed","title":"should list users, groups, and users in a group"}],"endTime":1771844463387,"message":"","name":"E:\\NodeJS\\PBAC_Auth\\user-management-service\\tests\\integration\\Adapter\\CognitoUserMgmtAdapter.integration.spec.ts","startTime":1771844455655,"status":"passed","summary":""},{"assertionResults":[{"ancestorTitles":["DynamoAssignmentRepository Integration Tests - Minimal"],"duration":285,"failureDetails":[],"failureMessages":[],"fullName":"DynamoAssignmentRepository Integration Tests - Minimal should assign a role to a group","invocations":1,"location":null,"numPassingAsserts":2,"retryReasons":[],"status":"passed","title":"should assign a role to a group"},{"ancestorTitles":["DynamoAssignmentRepository Integration Tests - Minimal"],"duration":168,"failureDetails":[],"failureMessages":[],"fullName":"DynamoAssignmentRepository Integration Tests - Minimal should remove a role from a group","invocations":1,"location":null,"numPassingAsserts":3,"retryReasons":[],"status":"passed","title":"should remove a role from a group"},{"ancestorTitles":["DynamoAssignmentRepository Integration Tests - Minimal"],"duration":115,"failureDetails":[],"failureMessages":[],"fullName":"DynamoAssignmentRepository Integration Tests - Minimal should find roles by group name","invocations":1,"location":null,"numPassingAsserts":2,"retryReasons":[],"status":"passed","title":"should find roles by group name"},{"ancestorTitles":["DynamoAssignmentRepository Integration Tests - Minimal"],"duration":188,"failureDetails":[],"failureMessages":[],"fullName":"DynamoAssignmentRepository Integration Tests - Minimal should find groups by role name","invocations":1,"location":null,"numPassingAsserts":2,"retryReasons":[],"status":"passed","title":"should find groups by role name"},{"ancestorTitles":["DynamoAssignmentRepository Integration Tests - Minimal"],"duration":141,"failureDetails":[],"failureMessages":[],"fullName":"DynamoAssignmentRepository Integration Tests - Minimal should return an empty array when finding roles for a non-existent group","invocations":1,"location":null,"numPassingAsserts":1,"retryReasons":[],"status":"passed","title":"should return an empty array when finding roles for a non-existent group"},{"ancestorTitles":["DynamoAssignmentRepository Integration Tests - Minimal"],"duration":63,"failureDetails":[],"failureMessages":[],"fullName":"DynamoAssignmentRepository Integration Tests - Minimal should return an empty array when finding groups for a non-existent role","invocations":1,"location":null,"numPassingAsserts":1,"retryReasons":[],"status":"passed","title":"should return an empty array when finding groups for a non-existent role"},{"ancestorTitles":["DynamoAssignmentRepository Integration Tests - Minimal"],"duration":82,"failureDetails":[],"failureMessages":[],"fullName":"DynamoAssignmentRepository Integration Tests - Minimal should assign a permission to a role and find it","invocations":1,"location":null,"numPassingAsserts":2,"retryReasons":[],"status":"passed","title":"should assign a permission to a role and find it"},{"ancestorTitles":["DynamoAssignmentRepository Integration Tests - Minimal"],"duration":152,"failureDetails":[],"failureMessages":[],"fullName":"DynamoAssignmentRepository Integration Tests - Minimal should remove a permission from a role","invocations":1,"location":null,"numPassingAsserts":3,"retryReasons":[],"status":"passed","title":"should remove a permission from a role"},{"ancestorTitles":["DynamoAssignmentRepository Integration Tests - Minimal"],"duration":111,"failureDetails":[],"failureMessages":[],"fullName":"DynamoAssignmentRepository Integration Tests - Minimal should find roles by permission name","invocations":1,"location":null,"numPassingAsserts":2,"retryReasons":[],"status":"passed","title":"should find roles by permission name"},{"ancestorTitles":["DynamoAssignmentRepository Integration Tests - Minimal"],"duration":144,"failureDetails":[],"failureMessages":[],"fullName":"DynamoAssignmentRepository Integration Tests - Minimal should assign a custom role to a user and find it","invocations":1,"location":null,"numPassingAsserts":2,"retryReasons":[],"status":"passed","title":"should assign a custom role to a user and find it"},{"ancestorTitles":["DynamoAssignmentRepository Integration Tests - Minimal"],"duration":147,"failureDetails":[],"failureMessages":[],"fullName":"DynamoAssignmentRepository Integration Tests - Minimal should remove a custom role from a user","invocations":1,"location":null,"numPassingAsserts":3,"retryReasons":[],"status":"passed","title":"should remove a custom role from a user"},{"ancestorTitles":["DynamoAssignmentRepository Integration Tests - Minimal"],"duration":104,"failureDetails":[],"failureMessages":[],"fullName":"DynamoAssignmentRepository Integration Tests - Minimal should find users by role name","invocations":1,"location":null,"numPassingAsserts":2,"retryReasons":[],"status":"passed","title":"should find users by role name"},{"ancestorTitles":["DynamoAssignmentRepository Integration Tests - Minimal"],"duration":129,"failureDetails":[],"failureMessages":[],"fullName":"DynamoAssignmentRepository Integration Tests - Minimal should assign a custom permission to a user and find it","invocations":1,"location":null,"numPassingAsserts":2,"retryReasons":[],"status":"passed","title":"should assign a custom permission to a user and find it"},{"ancestorTitles":["DynamoAssignmentRepository Integration Tests - Minimal"],"duration":170,"failureDetails":[],"failureMessages":[],"fullName":"DynamoAssignmentRepository Integration Tests - Minimal should remove a custom permission from a user","invocations":1,"location":null,"numPassingAsserts":3,"retryReasons":[],"status":"passed","title":"should remove a custom permission from a user"},{"ancestorTitles":["DynamoAssignmentRepository Integration Tests - Minimal"],"duration":113,"failureDetails":[],"failureMessages":[],"fullName":"DynamoAssignmentRepository Integration Tests - Minimal should find users by permission name","invocations":1,"location":null,"numPassingAsserts":2,"retryReasons":[],"status":"passed","title":"should find users by permission name"},{"ancestorTitles":["DynamoAssignmentRepository Integration Tests - Minimal"],"duration":300,"failureDetails":[],"failureMessages":[],"fullName":"DynamoAssignmentRepository Integration Tests - Minimal should remove all assignments for a user","invocations":1,"location":null,"numPassingAsserts":7,"retryReasons":[],"status":"passed","title":"should remove all assignments for a user"},{"ancestorTitles":["DynamoAssignmentRepository Integration Tests - Minimal"],"duration":218,"failureDetails":[],"failureMessages":[],"fullName":"DynamoAssignmentRepository Integration Tests - Minimal should remove all assignments for a group","invocations":1,"location":null,"numPassingAsserts":7,"retryReasons":[],"status":"passed","title":"should remove all assignments for a group"},{"ancestorTitles":["DynamoAssignmentRepository Integration Tests - Minimal"],"duration":3800,"failureDetails":[],"failureMessages":[],"fullName":"DynamoAssignmentRepository Integration Tests - Minimal should remove all assignments for a role","invocations":1,"location":null,"numPassingAsserts":10,"retryReasons":[],"status":"passed","title":"should remove all assignments for a role"},{"ancestorTitles":["DynamoAssignmentRepository Integration Tests - Minimal"],"duration":650,"failureDetails":[],"failureMessages":[],"fullName":"DynamoAssignmentRepository Integration Tests - Minimal should remove all assignments for a permission","invocations":1,"location":null,"numPassingAsserts":7,"retryReasons":[],"status":"passed","title":"should remove all assignments for a permission"}],"endTime":1771844463895,"message":"","name":"E:\\NodeJS\\PBAC_Auth\\user-management-service\\tests\\integration\\Persistence\\DynamoAssignmentRepository.integration.spec.ts","startTime":1771844455579,"status":"passed","summary":""}],"wasInterrupted":false}
